[Licensing::Module] Successfully connected to LicensingClient on channel: LicenseClient-xlcw
Entitlement-based licensing initiated
[LicensingClient] Licenses Updated successfully in LicensingClient
[Licensing::Module] Serial number assigned to: "F4-HEMR-3YY9-JPNN-6U79-XXXX"\n[Package Manager] Server::Start -- Port 56643 was selected
Launching external process: /Applications/Unity/2019.3.6f1/Unity.app/Contents/Resources/PackageManager/Server/UnityPackageManager
Adding genesis user token 
 COMMAND LINE ARGUMENTS:
/Applications/Unity/2019.3.6f1/Unity.app/Contents/MacOS/Unity
-quit
-projectPath
/Users/xlcw/Work/tw/PerformanceOptimization/BuildAnyPlatform
-executeMethod
ProjectBuild.AutomationBuild
sign_Platform-apk_sign
-logFile
/Users/xlcw/Work/tw/PerformanceOptimization/BuildAnyPlatform/buildLog.log
Successfully changed project path to: /Users/xlcw/Work/tw/PerformanceOptimization/BuildAnyPlatform
/Users/xlcw/Work/tw/PerformanceOptimization/BuildAnyPlatform
Using Asset Import Pipeline V2.
reg error: (null)
Adding genesis user token [Package Manager] Done resolving packages in 0.49s seconds
[Package Manager] Done checking package constraints in 0.01s seconds
[Package Manager] 
Registered 45 packages:
  Packages from [https://packages.unity.cn]:
    com.unity.collab-proxy@1.2.16 (location: /Users/xlcw/Work/tw/PerformanceOptimization/BuildAnyPlatform/Library/PackageCache/com.unity.collab-proxy@1.2.16)
    com.unity.ide.rider@1.1.4 (location: /Users/xlcw/Work/tw/PerformanceOptimization/BuildAnyPlatform/Library/PackageCache/com.unity.ide.rider@1.1.4)
    com.unity.ide.vscode@1.1.4 (location: /Users/xlcw/Work/tw/PerformanceOptimization/BuildAnyPlatform/Library/PackageCache/com.unity.ide.vscode@1.1.4)
    com.unity.multiplayer-hlapi@1.0.4 (location: /Users/xlcw/Work/tw/PerformanceOptimization/BuildAnyPlatform/Library/PackageCache/com.unity.multiplayer-hlapi@1.0.4)
    com.unity.purchasing@2.0.6 (location: /Users/xlcw/Work/tw/PerformanceOptimization/BuildAnyPlatform/Library/PackageCache/com.unity.purchasing@2.0.6)
    com.unity.textmeshpro@2.0.1 (location: /Users/xlcw/Work/tw/PerformanceOptimization/BuildAnyPlatform/Library/PackageCache/com.unity.textmeshpro@2.0.1)
    com.unity.timeline@1.2.6 (location: /Users/xlcw/Work/tw/PerformanceOptimization/BuildAnyPlatform/Library/PackageCache/com.unity.timeline@1.2.6)
    com.unity.test-framework@1.1.11 (location: /Users/xlcw/Work/tw/PerformanceOptimization/BuildAnyPlatform/Library/PackageCache/com.unity.test-framework@1.1.11)
    nuget.mono-cecil@0.1.5-preview (location: /Users/xlcw/Work/tw/PerformanceOptimization/BuildAnyPlatform/Library/PackageCache/nuget.mono-cecil@0.1.5-preview)
    com.unity.ext.nunit@1.0.0 (location: /Users/xlcw/Work/tw/PerformanceOptimization/BuildAnyPlatform/Library/PackageCache/com.unity.ext.nunit@1.0.0)
  Built-in packages:
    com.unity.2d.sprite@1.0.0 (location: /Applications/Unity/2019.3.6f1/Unity.app/Contents/Resources/PackageManager/BuiltInPackages/com.unity.2d.sprite)
    com.unity.2d.tilemap@1.0.0 (location: /Applications/Unity/2019.3.6f1/Unity.app/Contents/Resources/PackageManager/BuiltInPackages/com.unity.2d.tilemap)
    com.unity.ugui@1.0.0 (location: /Applications/Unity/2019.3.6f1/Unity.app/Contents/Resources/PackageManager/BuiltInPackages/com.unity.ugui)
    com.unity.modules.ai@1.0.0 (location: /Applications/Unity/2019.3.6f1/Unity.app/Contents/Resources/PackageManager/BuiltInPackages/com.unity.modules.ai)
    com.unity.modules.androidjni@1.0.0 (location: /Applications/Unity/2019.3.6f1/Unity.app/Contents/Resources/PackageManager/BuiltInPackages/com.unity.modules.androidjni)
    com.unity.modules.animation@1.0.0 (location: /Applications/Unity/2019.3.6f1/Unity.app/Contents/Resources/PackageManager/BuiltInPackages/com.unity.modules.animation)
    com.unity.modules.assetbundle@1.0.0 (location: /Applications/Unity/2019.3.6f1/Unity.app/Contents/Resources/PackageManager/BuiltInPackages/com.unity.modules.assetbundle)
    com.unity.modules.audio@1.0.0 (location: /Applications/Unity/2019.3.6f1/Unity.app/Contents/Resources/PackageManager/BuiltInPackages/com.unity.modules.audio)
    com.unity.modules.cloth@1.0.0 (location: /Applications/Unity/2019.3.6f1/Unity.app/Contents/Resources/PackageManager/BuiltInPackages/com.unity.modules.cloth)
    com.unity.modules.director@1.0.0 (location: /Applications/Unity/2019.3.6f1/Unity.app/Contents/Resources/PackageManager/BuiltInPackages/com.unity.modules.director)
    com.unity.modules.imageconversion@1.0.0 (location: /Applications/Unity/2019.3.6f1/Unity.app/Contents/Resources/PackageManager/BuiltInPackages/com.unity.modules.imageconversion)
    com.unity.modules.imgui@1.0.0 (location: /Applications/Unity/2019.3.6f1/Unity.app/Contents/Resources/PackageManager/BuiltInPackages/com.unity.modules.imgui)
    com.unity.modules.jsonserialize@1.0.0 (location: /Applications/Unity/2019.3.6f1/Unity.app/Contents/Resources/PackageManager/BuiltInPackages/com.unity.modules.jsonserialize)
    com.unity.modules.particlesystem@1.0.0 (location: /Applications/Unity/2019.3.6f1/Unity.app/Contents/Resources/PackageManager/BuiltInPackages/com.unity.modules.particlesystem)
    com.unity.modules.physics@1.0.0 (location: /Applications/Unity/2019.3.6f1/Unity.app/Contents/Resources/PackageManager/BuiltInPackages/com.unity.modules.physics)
    com.unity.modules.physics2d@1.0.0 (location: /Applications/Unity/2019.3.6f1/Unity.app/Contents/Resources/PackageManager/BuiltInPackages/com.unity.modules.physics2d)
    com.unity.modules.screencapture@1.0.0 (location: /Applications/Unity/2019.3.6f1/Unity.app/Contents/Resources/PackageManager/BuiltInPackages/com.unity.modules.screencapture)
    com.unity.modules.terrain@1.0.0 (location: /Applications/Unity/2019.3.6f1/Unity.app/Contents/Resources/PackageManager/BuiltInPackages/com.unity.modules.terrain)
    com.unity.modules.terrainphysics@1.0.0 (location: /Applications/Unity/2019.3.6f1/Unity.app/Contents/Resources/PackageManager/BuiltInPackages/com.unity.modules.terrainphysics)
    com.unity.modules.tilemap@1.0.0 (location: /Applications/Unity/2019.3.6f1/Unity.app/Contents/Resources/PackageManager/BuiltInPackages/com.unity.modules.tilemap)
    com.unity.modules.ui@1.0.0 (location: /Applications/Unity/2019.3.6f1/Unity.app/Contents/Resources/PackageManager/BuiltInPackages/com.unity.modules.ui)
    com.unity.modules.uielements@1.0.0 (location: /Applications/Unity/2019.3.6f1/Unity.app/Contents/Resources/PackageManager/BuiltInPackages/com.unity.modules.uielements)
    com.unity.modules.umbra@1.0.0 (location: /Applications/Unity/2019.3.6f1/Unity.app/Contents/Resources/PackageManager/BuiltInPackages/com.unity.modules.umbra)
    com.unity.modules.unityanalytics@1.0.0 (location: /Applications/Unity/2019.3.6f1/Unity.app/Contents/Resources/PackageManager/BuiltInPackages/com.unity.modules.unityanalytics)
    com.unity.modules.unitywebrequest@1.0.0 (location: /Applications/Unity/2019.3.6f1/Unity.app/Contents/Resources/PackageManager/BuiltInPackages/com.unity.modules.unitywebrequest)
    com.unity.modules.unitywebrequestassetbundle@1.0.0 (location: /Applications/Unity/2019.3.6f1/Unity.app/Contents/Resources/PackageManager/BuiltInPackages/com.unity.modules.unitywebrequestassetbundle)
    com.unity.modules.unitywebrequestaudio@1.0.0 (location: /Applications/Unity/2019.3.6f1/Unity.app/Contents/Resources/PackageManager/BuiltInPackages/com.unity.modules.unitywebrequestaudio)
    com.unity.modules.unitywebrequesttexture@1.0.0 (location: /Applications/Unity/2019.3.6f1/Unity.app/Contents/Resources/PackageManager/BuiltInPackages/com.unity.modules.unitywebrequesttexture)
    com.unity.modules.unitywebrequestwww@1.0.0 (location: /Applications/Unity/2019.3.6f1/Unity.app/Contents/Resources/PackageManager/BuiltInPackages/com.unity.modules.unitywebrequestwww)
    com.unity.modules.vehicles@1.0.0 (location: /Applications/Unity/2019.3.6f1/Unity.app/Contents/Resources/PackageManager/BuiltInPackages/com.unity.modules.vehicles)
    com.unity.modules.video@1.0.0 (location: /Applications/Unity/2019.3.6f1/Unity.app/Contents/Resources/PackageManager/BuiltInPackages/com.unity.modules.video)
    com.unity.modules.vr@1.0.0 (location: /Applications/Unity/2019.3.6f1/Unity.app/Contents/Resources/PackageManager/BuiltInPackages/com.unity.modules.vr)
    com.unity.modules.wind@1.0.0 (location: /Applications/Unity/2019.3.6f1/Unity.app/Contents/Resources/PackageManager/BuiltInPackages/com.unity.modules.wind)
    com.unity.modules.xr@1.0.0 (location: /Applications/Unity/2019.3.6f1/Unity.app/Contents/Resources/PackageManager/BuiltInPackages/com.unity.modules.xr)
    com.unity.modules.subsystems@1.0.0 (location: /Applications/Unity/2019.3.6f1/Unity.app/Contents/Resources/PackageManager/BuiltInPackages/com.unity.modules.subsystems)

[Subsystems] No new subsystems found in resolved package list.
[Package Manager] Done registering packages in 0.00s seconds
Refreshing native plugins compatible for Editor in 19.56 ms, found 0 plugins.
Preloading 0 native plugins for Editor in 0.00 ms.
IsTimeToCheckForNewEditor: Update time 1590382367 current 1590381084
Initialize engine version: 2019.3.6f1 (f3e52e0d91af)
[Subsystems] Discovering subsystems at path /Applications/Unity/2019.3.6f1/Unity.app/Contents/Resources/UnitySubsystems
[Subsystems] Discovering subsystems at path /Users/xlcw/Work/tw/PerformanceOptimization/BuildAnyPlatform/Assets
GfxDevice: creating device client; threaded=1
2020-05-25 12:31:24.321 Unity[4763:91625] PHL 237E7 preferred device: Intel(R) UHD Graphics 630 (low power)
2020-05-25 12:31:24.321 Unity[4763:91625] Metal devices available: 1
2020-05-25 12:31:24.321 Unity[4763:91625] 0: Intel(R) UHD Graphics 630 (low power)
2020-05-25 12:31:24.322 Unity[4763:91625] Using device Intel(R) UHD Graphics 630 (low power)
Initializing Metal device caps: Intel(R) UHD Graphics 630
Initialize mono
Mono path[0] = '/Applications/Unity/2019.3.6f1/Unity.app/Contents/Managed'
Mono path[1] = '/Applications/Unity/2019.3.6f1/Unity.app/Contents/MonoBleedingEdge/lib/mono/unityjit'
Mono config path = '/Applications/Unity/2019.3.6f1/Unity.app/Contents/MonoBleedingEdge/etc'
Using monoOptions --debugger-agent=transport=dt_socket,embedding=1,server=y,suspend=n,address=127.0.0.1:56763
ImportWorker Server TCP listen port: 53012
Begin MonoManager ReloadAssembly
Registering precompiled unity dll's ...
Register platform support module: /Applications/Unity/2019.3.6f1/Unity.app/Contents/PlaybackEngines/MacStandaloneSupport/UnityEditor.OSXStandalone.Extensions.dll
Register platform support module: /Applications/Unity/2019.3.6f1/PlaybackEngines/AndroidPlayer/UnityEditor.Android.Extensions.dll
Register platform support module: /Applications/Unity/2019.3.6f1/PlaybackEngines/iOSSupport/UnityEditor.iOS.Extensions.dll
Registered in 0.002885 seconds.
[usbmuxd] Start listen thread
[usbmuxd] Listen thread started
[usbmuxd] Send listen message
Native extension for iOS target not found
Native extension for Android target not found
Native extension for OSXStandalone target not found
Refreshing native plugins compatible for Editor in 11.89 ms, found 0 plugins.
Preloading 0 native plugins for Editor in 0.00 ms.
Mono: successfully reloaded assembly
- Completed reload, in  2.667 seconds
Registering precompiled user dll's ...
Registered in 0.036921 seconds.
Platform modules already initialized, skipping
Validating Project structure ... 0.000821 seconds.
Shader import version has changed; will reimport all shaders...
Upgrading shader files ...0.001205 seconds.
Begin MonoManager ReloadAssembly
Symbol file LoadedFromMemory doesn't match image /Users/xlcw/Work/tw/PerformanceOptimization/BuildAnyPlatform/Library/PackageCache/com.unity.ext.nunit@1.0.0/net35/unity-custom/nunit.framework.dll
OnLevelWasLoaded was found on UWAStarter
This message has been deprecated and will be removed in a later version of Unity.
Add a delegate to SceneManager.sceneLoaded instead to get notifications after scene loading has completed 
(Filename: ./Runtime/Mono/MonoScriptCache.cpp Line: 369)

OnLevelWasLoaded was found on UwaLocalStarter
This message has been deprecated and will be removed in a later version of Unity.
Add a delegate to SceneManager.sceneLoaded instead to get notifications after scene loading has completed 
(Filename: ./Runtime/Mono/MonoScriptCache.cpp Line: 369)

Native extension for iOS target not found
Native extension for Android target not found
Native extension for OSXStandalone target not found
Refreshing native plugins compatible for Editor in 0.28 ms, found 0 plugins.
Preloading 0 native plugins for Editor in 0.00 ms.
Refreshing native plugins compatible for Editor in 0.27 ms, found 0 plugins.
Mono: successfully reloaded assembly
Refresh completed in 0.000002 seconds.
- Completed reload, in  0.832 seconds
Platform modules already initialized, skipping
RefreshInfo: InitialScriptRefreshV2(NoUpdateAssetOptions)
RefreshProfiler: Total: 1387.601ms
	InvokeBeforeRefreshCallbacks: 0.127ms
	ApplyChangesToAssetFolders: 0.052ms
	WriteModifiedImportersToTextMetaFiles: 0.000ms
	CleanLegacyArtifacts: 0.000ms
	Scan: 17.526ms
	OnSourceAssetsModified: 0.002ms
	UnregisterDeletedAssets: 0.000ms
	InitializeImportedAssetsSnapshot: 0.135ms
	GetAllGuidsForCategorization: 0.066ms
	CategorizeAssets: 12.745ms
	ImportAndPostprocessOutOfDateAssets: 1351.188ms (1350.610ms without children)
		ImportManagerImport: 0.000ms (0.000ms without children)
			ImportInProcess: 0.000ms
			ImportOutOfProcess: 0.000ms
			UpdateCategorizedAssets: 0.000ms
			RemoteAssetCacheGetArtifact: 0.000ms (0.000ms without children)
				RemoteAssetCacheResolve: 0.000ms
				RemoteAssetCacheDownloadFile: 0.000ms
		CompileScripts: 0.000ms
		PostProcessAllAssets: 0.000ms
		ReloadImportedAssets: 0.000ms
		VerifyAssetsAreUpToDateAndCorrect: 0.000ms
		EnsureUptoDateAssetsAreRegisteredWithGuidPM: 0.133ms
		InitializingProgressBar: 0.000ms
		PostProcessAllAssetNotificationsAddChangedAssets: 0.132ms
		OnDemandSchedulerStart: 0.000ms
		RestoreLoadedAssetsState: 0.312ms
	InvokeProjectHasChanged: 0.000ms
	UpdateImportedAssetsSnapshot: -0.000ms
	ReloadSourceAssets: 0.320ms
	UnloadImportedAssets: 0.003ms
	Hotreload: 0.058ms
	FixTempGuids: 0.002ms
	VerifyGuidPMRegistrations: 0.000ms
	GatherAllCurrentPrimaryArtifactRevisions: 0.001ms
	UnloadStreamsBegin: 0.221ms
	LoadedImportedAssetsSnapshotReleaseGCHandles: 0.006ms
	GetLoadedSourceAssetsSnapshot: 0.380ms
	PersistCurrentRevisions: 0.000ms
	UnloadStreamsEnd: 4.794ms
	Untracked: -0.025ms
Refresh completed in 0.037412 seconds.
RefreshInfo: RefreshV2(ForceSynchronousImport)
RefreshProfiler: Total: 37.400ms
	InvokeBeforeRefreshCallbacks: 0.150ms
	ApplyChangesToAssetFolders: 0.051ms
	WriteModifiedImportersToTextMetaFiles: 0.000ms
	CleanLegacyArtifacts: 0.000ms
	Scan: 17.509ms
	OnSourceAssetsModified: 0.000ms
	UnregisterDeletedAssets: 0.000ms
	InitializeImportedAssetsSnapshot: 3.318ms
	GetAllGuidsForCategorization: 0.100ms
	CategorizeAssets: 12.126ms
	ImportAndPostprocessOutOfDateAssets: 2.297ms (0.926ms without children)
		ImportManagerImport: 0.000ms (0.000ms without children)
			ImportInProcess: 0.000ms
			ImportOutOfProcess: 0.000ms
			UpdateCategorizedAssets: 0.000ms
			RemoteAssetCacheGetArtifact: 0.000ms (0.000ms without children)
				RemoteAssetCacheResolve: 0.000ms
				RemoteAssetCacheDownloadFile: 0.000ms
		CompileScripts: 0.000ms
		PostProcessAllAssets: 0.000ms
		ReloadImportedAssets: 0.000ms
		VerifyAssetsAreUpToDateAndCorrect: 0.000ms
		EnsureUptoDateAssetsAreRegisteredWithGuidPM: 0.148ms
		InitializingProgressBar: 0.000ms
		PostProcessAllAssetNotificationsAddChangedAssets: 0.068ms
		OnDemandSchedulerStart: 0.477ms
		RestoreLoadedAssetsState: 0.677ms
	InvokeProjectHasChanged: 0.000ms
	UpdateImportedAssetsSnapshot: -0.000ms
	ReloadSourceAssets: 0.309ms
	UnloadImportedAssets: 0.063ms
	Hotreload: 0.016ms
	FixTempGuids: 0.003ms
	VerifyGuidPMRegistrations: 0.000ms
	GatherAllCurrentPrimaryArtifactRevisions: 0.149ms
	UnloadStreamsBegin: 0.006ms
	LoadedImportedAssetsSnapshotReleaseGCHandles: 0.377ms
	GetLoadedSourceAssetsSnapshot: 1.080ms
	PersistCurrentRevisions: 0.000ms
	UnloadStreamsEnd: 0.006ms
	Untracked: -0.161ms
Refresh completed in 0.020277 seconds.
RefreshInfo: RefreshV2(ForceSynchronousImport)
RefreshProfiler: Total: 20.268ms
	InvokeBeforeRefreshCallbacks: 0.159ms
	ApplyChangesToAssetFolders: 0.050ms
	WriteModifiedImportersToTextMetaFiles: 0.000ms
	CleanLegacyArtifacts: 0.000ms
	Scan: 16.821ms
	OnSourceAssetsModified: 0.000ms
	UnregisterDeletedAssets: 0.000ms
	InitializeImportedAssetsSnapshot: 1.842ms
	GetAllGuidsForCategorization: 0.000ms
	CategorizeAssets: 0.000ms
	ImportAndPostprocessOutOfDateAssets: 0.000ms (0.000ms without children)
		ImportManagerImport: 0.000ms (0.000ms without children)
			ImportInProcess: 0.000ms
			ImportOutOfProcess: 0.000ms
			UpdateCategorizedAssets: 0.000ms
			RemoteAssetCacheGetArtifact: 0.000ms (0.000ms without children)
				RemoteAssetCacheResolve: 0.000ms
				RemoteAssetCacheDownloadFile: 0.000ms
		CompileScripts: 0.000ms
		PostProcessAllAssets: 0.000ms
		ReloadImportedAssets: 0.000ms
		VerifyAssetsAreUpToDateAndCorrect: 0.000ms
		EnsureUptoDateAssetsAreRegisteredWithGuidPM: 0.000ms
		InitializingProgressBar: 0.000ms
		PostProcessAllAssetNotificationsAddChangedAssets: 0.000ms
		OnDemandSchedulerStart: 0.000ms
		RestoreLoadedAssetsState: 0.000ms
	InvokeProjectHasChanged: 0.000ms
	UpdateImportedAssetsSnapshot: -0.000ms
	ReloadSourceAssets: 0.000ms
	UnloadImportedAssets: 0.000ms
	Hotreload: 0.011ms
	FixTempGuids: 0.002ms
	VerifyGuidPMRegistrations: 0.000ms
	GatherAllCurrentPrimaryArtifactRevisions: 0.148ms
	UnloadStreamsBegin: 0.019ms
	LoadedImportedAssetsSnapshotReleaseGCHandles: 0.359ms
	GetLoadedSourceAssetsSnapshot: 0.342ms
	PersistCurrentRevisions: 0.000ms
	UnloadStreamsEnd: 0.006ms
	Untracked: 0.507ms
Refresh completed in 0.035254 seconds.
RefreshInfo: RefreshV2(NoUpdateAssetOptions)
RefreshProfiler: Total: 35.244ms
	InvokeBeforeRefreshCallbacks: 0.132ms
	ApplyChangesToAssetFolders: 0.051ms
	WriteModifiedImportersToTextMetaFiles: 0.000ms
	CleanLegacyArtifacts: 0.000ms
	Scan: 17.097ms
	OnSourceAssetsModified: 0.001ms
	UnregisterDeletedAssets: 0.000ms
	InitializeImportedAssetsSnapshot: 2.443ms
	GetAllGuidsForCategorization: 0.070ms
	CategorizeAssets: 11.516ms
	ImportAndPostprocessOutOfDateAssets: 1.564ms (0.568ms without children)
		ImportManagerImport: 0.000ms (0.000ms without children)
			ImportInProcess: 0.000ms
			ImportOutOfProcess: 0.000ms
			UpdateCategorizedAssets: 0.000ms
			RemoteAssetCacheGetArtifact: 0.000ms (0.000ms without children)
				RemoteAssetCacheResolve: 0.000ms
				RemoteAssetCacheDownloadFile: 0.000ms
		CompileScripts: 0.000ms
		PostProcessAllAssets: 0.000ms
		ReloadImportedAssets: 0.000ms
		VerifyAssetsAreUpToDateAndCorrect: 0.000ms
		EnsureUptoDateAssetsAreRegisteredWithGuidPM: 0.148ms
		InitializingProgressBar: 0.000ms
		PostProcessAllAssetNotificationsAddChangedAssets: 0.067ms
		OnDemandSchedulerStart: 0.110ms
		RestoreLoadedAssetsState: 0.670ms
	InvokeProjectHasChanged: 0.000ms
	UpdateImportedAssetsSnapshot: -0.000ms
	ReloadSourceAssets: 0.560ms
	UnloadImportedAssets: 0.059ms
	Hotreload: 0.032ms
	FixTempGuids: 0.002ms
	VerifyGuidPMRegistrations: 0.000ms
	GatherAllCurrentPrimaryArtifactRevisions: 0.158ms
	UnloadStreamsBegin: 0.023ms
	LoadedImportedAssetsSnapshotReleaseGCHandles: 0.693ms
	GetLoadedSourceAssetsSnapshot: 1.208ms
	PersistCurrentRevisions: 0.000ms
	UnloadStreamsEnd: 0.006ms
	Untracked: -0.372ms
Refresh completed in 0.034925 seconds.
RefreshInfo: RefreshV2(NoUpdateAssetOptions)
RefreshProfiler: Total: 34.913ms
	InvokeBeforeRefreshCallbacks: 0.201ms
	ApplyChangesToAssetFolders: 0.060ms
	WriteModifiedImportersToTextMetaFiles: 0.000ms
	CleanLegacyArtifacts: 0.000ms
	Scan: 17.058ms
	OnSourceAssetsModified: 0.001ms
	UnregisterDeletedAssets: 0.000ms
	InitializeImportedAssetsSnapshot: 2.342ms
	GetAllGuidsForCategorization: 0.068ms
	CategorizeAssets: 11.324ms
	ImportAndPostprocessOutOfDateAssets: 1.594ms (0.579ms without children)
		ImportManagerImport: 0.000ms (0.000ms without children)
			ImportInProcess: 0.000ms
			ImportOutOfProcess: 0.000ms
			UpdateCategorizedAssets: 0.000ms
			RemoteAssetCacheGetArtifact: 0.000ms (0.000ms without children)
				RemoteAssetCacheResolve: 0.000ms
				RemoteAssetCacheDownloadFile: 0.000ms
		CompileScripts: 0.000ms
		PostProcessAllAssets: 0.000ms
		ReloadImportedAssets: 0.000ms
		VerifyAssetsAreUpToDateAndCorrect: 0.000ms
		EnsureUptoDateAssetsAreRegisteredWithGuidPM: 0.151ms
		InitializingProgressBar: 0.000ms
		PostProcessAllAssetNotificationsAddChangedAssets: 0.069ms
		OnDemandSchedulerStart: 0.124ms
		RestoreLoadedAssetsState: 0.671ms
	InvokeProjectHasChanged: 0.000ms
	UpdateImportedAssetsSnapshot: -0.000ms
	ReloadSourceAssets: 0.570ms
	UnloadImportedAssets: 0.058ms
	Hotreload: 0.018ms
	FixTempGuids: 0.002ms
	VerifyGuidPMRegistrations: 0.000ms
	GatherAllCurrentPrimaryArtifactRevisions: 0.238ms
	UnloadStreamsBegin: 0.008ms
	LoadedImportedAssetsSnapshotReleaseGCHandles: 0.683ms
	GetLoadedSourceAssetsSnapshot: 1.078ms
	PersistCurrentRevisions: 0.000ms
	UnloadStreamsEnd: 0.005ms
	Untracked: -0.396ms
Launching external process: /Applications/Unity/2019.3.6f1/Unity.app/Contents/Tools/UnityShaderCompiler
Launched and connected shader compiler UnityShaderCompiler after 0.02 seconds
Initializing Unity extensions:
Unloading 63 Unused Serialized files (Serialized files now loaded: 0)
Loaded scene 'Assets/Scenes/GameStart.unity'
	Deserialize:            0.638 ms
	Integration:            8.610 ms
	Integration of assets:  0.007 ms
	Thread Wait Time:       21.289 ms
	Total Operation Time:   30.545 ms
System memory in use before: 249.7 MB.
System memory in use after: 249.1 MB.

Unloading 93 unused Assets to reduce memory usage. Loaded Objects now: 1621.
Total: 2.711215 ms (FindLiveObjects: 0.389226 ms CreateObjectMapping: 0.067910 ms MarkObjects: 1.702203 ms  DeleteObjects: 0.550973 ms)

[MODES] Loading mode Default (0) for mode-current-id-BuildAnyPlatform
2020-05-25 12:31:29.724 Unity[4763:91625] CAMetalLayer ignoring invalid setDrawableSize width=0.000000 height=0.000000
2020-05-25 12:31:29.793 Unity[4763:91625] CAMetalLayer ignoring invalid setDrawableSize width=0.000000 height=0.000000
2020-05-25 12:31:29.818 Unity[4763:91625] CAMetalLayer ignoring invalid setDrawableSize width=0.000000 height=0.000000
2020-05-25 12:31:29.818 Unity[4763:91625] CAMetalLayer ignoring invalid setDrawableSize width=0.000000 height=0.000000
2020-05-25 12:31:29.819 Unity[4763:91625] CAMetalLayer ignoring invalid setDrawableSize width=0.000000 height=0.000000
2020-05-25 12:31:29.820 Unity[4763:91625] CAMetalLayer ignoring invalid setDrawableSize width=0.000000 height=0.000000
2020-05-25 12:31:29.820 Unity[4763:91625] CAMetalLayer ignoring invalid setDrawableSize width=0.000000 height=0.000000
Building style catalogs (6)
	StyleSheets/Extensions/base/common.uss
	StyleSheets/Northstar/common.uss
	StyleSheets/Extensions/fonts/inter.uss
	StyleSheets/Extensions/base/light.uss
	Packages/com.unity.timeline/Editor/StyleSheets/Extensions/common.uss
	Packages/com.unity.timeline/Editor/StyleSheets/Extensions/light.uss
2020-05-25 12:31:30.096 Unity[4763:91625] CAMetalLayer ignoring invalid setDrawableSize width=0.000000 height=0.000000
2020-05-25 12:31:30.096 Unity[4763:91625] CAMetalLayer ignoring invalid setDrawableSize width=0.000000 height=0.000000
2020-05-25 12:31:30.097 Unity[4763:91625] CAMetalLayer ignoring invalid setDrawableSize width=0.000000 height=0.000000
2020-05-25 12:31:30.097 Unity[4763:91625] CAMetalLayer ignoring invalid setDrawableSize width=0.000000 height=0.000000
2020-05-25 12:31:30.097 Unity[4763:91625] CAMetalLayer ignoring invalid setDrawableSize width=0.000000 height=0.000000
2020-05-25 12:31:30.097 Unity[4763:91625] CAMetalLayer ignoring invalid setDrawableSize width=0.000000 height=0.000000
2020-05-25 12:31:30.097 Unity[4763:91625] CAMetalLayer ignoring invalid setDrawableSize width=0.000000 height=0.000000
Opening scene 'Assets/Scenes/GameStart.unity'
Unloading 6 Unused Serialized files (Serialized files now loaded: 0)
Loaded scene 'Assets/Scenes/GameStart.unity'
	Deserialize:            0.407 ms
	Integration:            7.680 ms
	Integration of assets:  0.009 ms
	Thread Wait Time:       21.656 ms
	Total Operation Time:   29.752 ms
System memory in use before: 260.4 MB.
System memory in use after: 260.5 MB.

Unloading 4 unused Assets to reduce memory usage. Loaded Objects now: 1690.
Total: 5.409928 ms (FindLiveObjects: 0.382450 ms CreateObjectMapping: 0.060062 ms MarkObjects: 4.907949 ms  DeleteObjects: 0.058528 ms)

Refresh completed in 0.022412 seconds.
RefreshInfo: RefreshV2(NoUpdateAssetOptions)
RefreshProfiler: Total: 22.401ms
	InvokeBeforeRefreshCallbacks: 0.150ms
	ApplyChangesToAssetFolders: 0.052ms
	WriteModifiedImportersToTextMetaFiles: 0.000ms
	CleanLegacyArtifacts: 0.000ms
	Scan: 18.652ms
	OnSourceAssetsModified: 0.000ms
	UnregisterDeletedAssets: 0.000ms
	InitializeImportedAssetsSnapshot: 1.954ms
	GetAllGuidsForCategorization: 0.000ms
	CategorizeAssets: 0.000ms
	ImportAndPostprocessOutOfDateAssets: 0.000ms (0.000ms without children)
		ImportManagerImport: 0.000ms (0.000ms without children)
			ImportInProcess: 0.000ms
			ImportOutOfProcess: 0.000ms
			UpdateCategorizedAssets: 0.000ms
			RemoteAssetCacheGetArtifact: 0.000ms (0.000ms without children)
				RemoteAssetCacheResolve: 0.000ms
				RemoteAssetCacheDownloadFile: 0.000ms
		CompileScripts: 0.000ms
		PostProcessAllAssets: 0.000ms
		ReloadImportedAssets: 0.000ms
		VerifyAssetsAreUpToDateAndCorrect: 0.000ms
		EnsureUptoDateAssetsAreRegisteredWithGuidPM: 0.000ms
		InitializingProgressBar: 0.000ms
		PostProcessAllAssetNotificationsAddChangedAssets: 0.000ms
		OnDemandSchedulerStart: 0.000ms
		RestoreLoadedAssetsState: 0.000ms
	InvokeProjectHasChanged: 0.000ms
	UpdateImportedAssetsSnapshot: -0.000ms
	ReloadSourceAssets: 0.000ms
	UnloadImportedAssets: 0.000ms
	Hotreload: 0.024ms
	FixTempGuids: 0.003ms
	VerifyGuidPMRegistrations: 0.000ms
	GatherAllCurrentPrimaryArtifactRevisions: 0.156ms
	UnloadStreamsBegin: 0.045ms
	LoadedImportedAssetsSnapshotReleaseGCHandles: 0.381ms
	GetLoadedSourceAssetsSnapshot: 0.398ms
	PersistCurrentRevisions: 0.000ms
	UnloadStreamsEnd: 0.007ms
	Untracked: 0.578ms
WARNING: Shader Unsupported: 'Hidden/VideoDecodeOSX' - Pass 'Flip_RGBARect_To_RGBA' has no vertex shader
WARNING: Shader Unsupported: 'Hidden/VideoDecodeOSX' - Setting to default shader.
WARNING: Shader Unsupported: 'Hidden/VideoDecodeAndroid' - Pass 'RGBAExternal_To_RGBA' has no vertex shader
WARNING: Shader Unsupported: 'Hidden/VideoDecodeAndroid' - Setting to default shader.
WARNING: Shader Unsupported: 'Hidden/VideoDecodeML' - Pass 'RGBAExternal_To_RGBA' has no vertex shader
WARNING: Shader Unsupported: 'Hidden/VideoDecodeML' - Setting to default shader.
Start importing ProjectSettings/ProjectSettings.asset using Guid(00000000000000004000000000000000) Importer(-1,00000000000000000000000000000000)
Done importing asset: 'ProjectSettings/ProjectSettings.asset' (target hash: '6b5f67d0eac92ffed3968e8b66e25568') in 0.012053 seconds
Refreshing native plugins compatible for Editor in 0.31 ms, found 0 plugins.
Preloading 0 native plugins for Editor in 0.00 ms.
RefreshInfo: StopAssetImportingV2(NoUpdateAssetOptions)
RefreshProfiler: Total: 38.030ms
	InvokeBeforeRefreshCallbacks: 0.175ms
	ApplyChangesToAssetFolders: 0.079ms
	WriteModifiedImportersToTextMetaFiles: 0.000ms
	CleanLegacyArtifacts: 0.000ms
	Scan: 1.584ms
	OnSourceAssetsModified: 0.001ms
	UnregisterDeletedAssets: 0.000ms
	InitializeImportedAssetsSnapshot: 2.429ms
	GetAllGuidsForCategorization: 0.102ms
	CategorizeAssets: 1.625ms
	ImportAndPostprocessOutOfDateAssets: 28.923ms (1.022ms without children)
		ImportManagerImport: 13.039ms (0.761ms without children)
			ImportInProcess: 12.253ms
			ImportOutOfProcess: 0.000ms
			UpdateCategorizedAssets: 0.025ms
			RemoteAssetCacheGetArtifact: 0.000ms (0.000ms without children)
				RemoteAssetCacheResolve: 0.000ms
				RemoteAssetCacheDownloadFile: 0.000ms
		CompileScripts: 0.000ms
		PostProcessAllAssets: 12.158ms
		ReloadImportedAssets: 0.001ms
		VerifyAssetsAreUpToDateAndCorrect: 0.000ms
		EnsureUptoDateAssetsAreRegisteredWithGuidPM: 0.140ms
		InitializingProgressBar: 0.001ms
		PostProcessAllAssetNotificationsAddChangedAssets: 0.074ms
		OnDemandSchedulerStart: 0.109ms
		RestoreLoadedAssetsState: 0.878ms
	InvokeProjectHasChanged: 0.000ms
	UpdateImportedAssetsSnapshot: 1.501ms
	ReloadSourceAssets: 0.607ms
	UnloadImportedAssets: 0.046ms
	Hotreload: 1.099ms
	FixTempGuids: 0.003ms
	VerifyGuidPMRegistrations: 0.000ms
	GatherAllCurrentPrimaryArtifactRevisions: 0.235ms
	UnloadStreamsBegin: 0.036ms
	LoadedImportedAssetsSnapshotReleaseGCHandles: 0.318ms
	GetLoadedSourceAssetsSnapshot: 1.710ms
	PersistCurrentRevisions: 0.000ms
	UnloadStreamsEnd: 0.127ms
	Untracked: -1.066ms
Android PostProcess task "Checking prerequisites" took 34.4079 ms
Android PostProcess task "Detect Java Development Kit (JDK)" took 97.678 ms
AndroidSDKTools:

	root          : /Users/xlcw/android_sdk/SDK
	tools         : /Users/xlcw/android_sdk/SDK/tools
	platform-tools: /Users/xlcw/android_sdk/SDK/platform-tools
	build-tools   : /Users/xlcw/android_sdk/SDK/build-tools/29.0.3

	adb           : /Users/xlcw/android_sdk/SDK/platform-tools/adb

Android PostProcess task "Detecting Android SDK" took 1290.9007 ms
Android PostProcess task "Detect Android NDK" took 25.2099 ms
Android PostProcess task "Trying to find a suitable Android device" took 0.4764 ms
[ScriptCompilation] Recompiling all scripts because: Recompiling scripts for player build.
BuildPlayer: start building target 13
- Starting script compilation
- Starting compile Library/PlayerScriptAssemblies/UnityEngine.TestRunner.dll
- Starting compile Library/PlayerScriptAssemblies/UnityEngine.UI.dll
- Finished compile Library/PlayerScriptAssemblies/UnityEngine.TestRunner.dll in 0.622915 seconds
- Finished compile Library/PlayerScriptAssemblies/UnityEngine.UI.dll in 0.617696 seconds
- Starting compile Library/PlayerScriptAssemblies/com.unity.multiplayer-hlapi.Runtime.dll
- Starting compile Library/PlayerScriptAssemblies/Unity.TextMeshPro.dll
- Starting compile Library/PlayerScriptAssemblies/Unity.Timeline.dll
- Finished compile Library/PlayerScriptAssemblies/Unity.Timeline.dll in 3.579574 seconds
- Finished compile Library/PlayerScriptAssemblies/Unity.TextMeshPro.dll in 3.607524 seconds
- Finished compile Library/PlayerScriptAssemblies/com.unity.multiplayer-hlapi.Runtime.dll in 3.61861 seconds
- Starting compile Library/PlayerScriptAssemblies/Assembly-CSharp.dll
- Finished compile Library/PlayerScriptAssemblies/Assembly-CSharp.dll in 0.270394 seconds
- Finished script compilation in 4.537783 seconds
Refresh completed in 0.039703 seconds.
RefreshInfo: RefreshV2(NoUpdateAssetOptions)
RefreshProfiler: Total: 39.616ms
	InvokeBeforeRefreshCallbacks: 0.136ms
	ApplyChangesToAssetFolders: 0.077ms
	WriteModifiedImportersToTextMetaFiles: 0.000ms
	CleanLegacyArtifacts: 0.000ms
	Scan: 19.261ms
	OnSourceAssetsModified: 0.001ms
	UnregisterDeletedAssets: 0.000ms
	InitializeImportedAssetsSnapshot: 2.972ms
	GetAllGuidsForCategorization: 0.075ms
	CategorizeAssets: 12.059ms
	ImportAndPostprocessOutOfDateAssets: 1.678ms (0.588ms without children)
		ImportManagerImport: 0.000ms (0.000ms without children)
			ImportInProcess: 0.000ms
			ImportOutOfProcess: 0.000ms
			UpdateCategorizedAssets: 0.000ms
			RemoteAssetCacheGetArtifact: 0.000ms (0.000ms without children)
				RemoteAssetCacheResolve: 0.000ms
				RemoteAssetCacheDownloadFile: 0.000ms
		CompileScripts: 0.000ms
		PostProcessAllAssets: 0.000ms
		ReloadImportedAssets: 0.000ms
		VerifyAssetsAreUpToDateAndCorrect: 0.000ms
		EnsureUptoDateAssetsAreRegisteredWithGuidPM: 0.192ms
		InitializingProgressBar: 0.000ms
		PostProcessAllAssetNotificationsAddChangedAssets: 0.075ms
		OnDemandSchedulerStart: 0.118ms
		RestoreLoadedAssetsState: 0.704ms
	InvokeProjectHasChanged: 0.000ms
	UpdateImportedAssetsSnapshot: -0.000ms
	ReloadSourceAssets: 0.576ms
	UnloadImportedAssets: 0.061ms
	Hotreload: 0.032ms
	FixTempGuids: 0.002ms
	VerifyGuidPMRegistrations: 0.000ms
	GatherAllCurrentPrimaryArtifactRevisions: 0.282ms
	UnloadStreamsBegin: 0.007ms
	LoadedImportedAssetsSnapshotReleaseGCHandles: 0.416ms
	GetLoadedSourceAssetsSnapshot: 1.138ms
	PersistCurrentRevisions: 0.000ms
	UnloadStreamsEnd: 0.006ms
	Untracked: 0.836ms
WARNING: Shader Unsupported: 'Hidden/VR/BlitFromTex2DToTexArraySlice' - Pass '' has no vertex shader
WARNING: Shader Unsupported: 'Hidden/VR/BlitFromTex2DToTexArraySlice' - Pass '' has no vertex shader
WARNING: Shader Unsupported: 'Hidden/VR/BlitFromTex2DToTexArraySlice' - Setting to default shader.
Opening scene 'Temp/__Backupscenes/0.backup'
Unloading 1 Unused Serialized files (Serialized files now loaded: 0)
Loaded scene 'Temp/__Backupscenes/0.backup'
	Deserialize:            0.673 ms
	Integration:            3.208 ms
	Integration of assets:  0.011 ms
	Thread Wait Time:       20.753 ms
	Total Operation Time:   24.645 ms
System memory in use before: 264.0 MB.
System memory in use after: 263.8 MB.

Unloading 33 unused Assets to reduce memory usage. Loaded Objects now: 1715.
Total: 6.601893 ms (FindLiveObjects: 0.392220 ms CreateObjectMapping: 0.070041 ms MarkObjects: 5.904409 ms  DeleteObjects: 0.234280 ms)

WARNING: Shader Unsupported: 'Hidden/VR/BlitFromTex2DToTexArraySlice' - Pass '' has no vertex shader
WARNING: Shader Unsupported: 'Hidden/VR/BlitFromTex2DToTexArraySlice' - Pass '' has no vertex shader
WARNING: Shader Unsupported: 'Hidden/VR/BlitFromTex2DToTexArraySlice' - Setting to default shader.


Mono dependencies included in the build
Dependency assembly - System.Diagnostics.StackTrace.dll
Dependency assembly - System.Globalization.Extensions.dll
Dependency assembly - System.Runtime.Serialization.Xml.dll
Dependency assembly - System.Xml.XPath.XDocument.dll
Dependency assembly - netstandard.dll
Dependency assembly - Mono.Security.dll
Dependency assembly - System.ComponentModel.Composition.dll
Dependency assembly - System.Configuration.dll
Dependency assembly - System.Core.dll
Dependency assembly - System.Data.dll
Dependency assembly - System.Drawing.dll
Dependency assembly - System.EnterpriseServices.dll
Dependency assembly - System.IO.Compression.FileSystem.dll
Dependency assembly - System.IO.Compression.dll
Dependency assembly - System.Net.Http.dll
Dependency assembly - System.Numerics.dll
Dependency assembly - System.Runtime.Serialization.dll
Dependency assembly - System.ServiceModel.Internals.dll
Dependency assembly - System.Transactions.dll
Dependency assembly - System.Xml.Linq.dll
Dependency assembly - System.Xml.dll
Dependency assembly - System.dll
Dependency assembly - mscorlib.dll
Dependency assembly - UWAWrapper_Android.dll
Dependency assembly - Assembly-CSharp.dll
Dependency assembly - Unity.TextMeshPro.dll
Dependency assembly - Unity.Timeline.dll
Dependency assembly - UnityEngine.UI.dll
Dependency assembly - com.unity.multiplayer-hlapi.Runtime.dll
Dependency assembly - UnityEngine.Purchasing.dll

Unloading 13 Unused Serialized files (Serialized files now loaded: 0)
System memory in use before: 271.3 MB.
System memory in use after: 271.1 MB.

Unloading 26 unused Assets to reduce memory usage. Loaded Objects now: 1700.
Total: 6.087631 ms (FindLiveObjects: 0.400687 ms CreateObjectMapping: 0.062849 ms MarkObjects: 5.426460 ms  DeleteObjects: 0.196210 ms)

WARNING: Shader Unsupported: 'VR/SpatialMapping/Wireframe' - Pass '' has no vertex shader
WARNING: Shader Unsupported: 'VR/SpatialMapping/Wireframe' - Setting to default shader.
[EnlightenBakeManager] m_Clear = false;
Setting up 1 worker threads for Enlighten.
  Thread -> id: 700011431000 -> priority: 1 
Unloading 5 Unused Serialized files (Serialized files now loaded: 0)
System memory in use before: 310.2 MB.
System memory in use after: 292.5 MB.

Unloading 56 unused Assets to reduce memory usage. Loaded Objects now: 2341.
Total: 12.423746 ms (FindLiveObjects: 0.600370 ms CreateObjectMapping: 0.055654 ms MarkObjects: 7.665356 ms  DeleteObjects: 4.101617 ms)

WARNING: Shader Unsupported: 'Hidden/VR/BlitFromTex2DToTexArraySlice' - Pass '' has no vertex shader
WARNING: Shader Unsupported: 'Hidden/VR/BlitFromTex2DToTexArraySlice' - Pass '' has no vertex shader
WARNING: Shader Unsupported: 'Hidden/VR/BlitFromTex2DToTexArraySlice' - Setting to default shader.
WARNING: Shader Unsupported: 'VR/SpatialMapping/Wireframe' - Pass '' has no vertex shader
WARNING: Shader Unsupported: 'VR/SpatialMapping/Wireframe' - Setting to default shader.
WARNING: Shader Unsupported: 'AR/TangoARRender' - Pass '' has no vertex shader
WARNING: Shader Unsupported: 'AR/TangoARRender' - Setting to default shader.
Unloading 1 Unused Serialized files (Serialized files now loaded: 0)
System memory in use before: 391.4 MB.
System memory in use after: 292.2 MB.

Unloading 149 unused Assets to reduce memory usage. Loaded Objects now: 2330.
Total: 28.786743 ms (FindLiveObjects: 0.503396 ms CreateObjectMapping: 0.077999 ms MarkObjects: 7.203578 ms  DeleteObjects: 21.001076 ms)

WARNING: Shader Unsupported: 'Hidden/VR/BlitFromTex2DToTexArraySlice' - Pass '' has no vertex shader
WARNING: Shader Unsupported: 'Hidden/VR/BlitFromTex2DToTexArraySlice' - Pass '' has no vertex shader
WARNING: Shader Unsupported: 'Hidden/VR/BlitFromTex2DToTexArraySlice' - Setting to default shader.
Launching external process: /Applications/Unity/2019.3.6f1/Unity.app/Contents/Tools/UnityShaderCompiler
Launched and connected shader compiler UnityShaderCompiler after 0.02 seconds
Launching external process: /Applications/Unity/2019.3.6f1/Unity.app/Contents/Tools/UnityShaderCompiler
Launched and connected shader compiler UnityShaderCompiler after 0.02 seconds
Launching external process: /Applications/Unity/2019.3.6f1/Unity.app/Contents/Tools/UnityShaderCompiler
Launched and connected shader compiler UnityShaderCompiler after 0.02 seconds
Android PostProcess task "Creating staging area" took 4.3489 ms
Android PostProcess task "Generating Build Id" took 4.7073 ms
Android PostProcess task "Preparing Unity resources" took 3.1809 ms
Android PostProcess task "Managed Stripping: (Mono)" took 0.3525 ms
Android PostProcess task "Preparing Managed resources" took 983.0102 ms
Android PostProcess task "Splitting assets" took 8.4798 ms
Android PostProcess task "Processing OBB assets" took 0.1002 ms
Android PostProcess task "Preparing Unity libraries" took 103.5494 ms
Android PostProcess task "Processing resources" took 2.6401 ms
Android PostProcess task "Preparing APK resources" took 41.4634 ms
Android PostProcess task "Processing plugins" took 15.6744 ms
Android PostProcess task "Processing Android libraries" took 5.5753 ms
Android PostProcess task "Checking Graphics API compatibility" took 3.2388 ms
Android PostProcess task "Creating Android manifest" took 67.6662 ms
Android PostProcess task "Compiling resources" took 4.058 ms
Invoking UnityLinker with arguments: -out="/Users/xlcw/Work/tw/PerformanceOptimization/BuildAnyPlatform/Temp/StagingArea/assets/bin/Data/Managed/tempStrip" -x="/Users/xlcw/Work/tw/PerformanceOptimization/BuildAnyPlatform/Temp/StagingArea/assets/bin/Data/Managed/../platform_native_link.xml" -x="/Users/xlcw/Work/tw/PerformanceOptimization/BuildAnyPlatform/Temp/StagingArea/assets/bin/Data/Managed/TypesInScenes.xml" -d="/Users/xlcw/Work/tw/PerformanceOptimization/BuildAnyPlatform/Temp/StagingArea/assets/bin/Data/Managed" --include-unity-root-assembly="/Users/xlcw/Work/tw/PerformanceOptimization/BuildAnyPlatform/Temp/StagingArea/assets/bin/Data/Managed/Assembly-CSharp.dll" --include-unity-root-assembly="/Users/xlcw/Work/tw/PerformanceOptimization/BuildAnyPlatform/Temp/StagingArea/assets/bin/Data/Managed/UWAWrapper_Android.dll" --dotnetruntime=il2cpp --dotnetprofile=unityaot --use-editor-options --include-directory="/Users/xlcw/Work/tw/PerformanceOptimization/BuildAnyPlatform/Temp/StagingArea/assets/bin/Data/Managed" --editor-settings-flag=Development --rule-set=Conservative --editor-data-file="/Users/xlcw/Work/tw/PerformanceOptimization/BuildAnyPlatform/Temp/StagingArea/assets/bin/Data/Managed/EditorToUnityLinkerData.json" --platform=Android --engine-modules-asset-file="/Applications/Unity/2019.3.6f1/PlaybackEngines/AndroidPlayer/Whitelists/../modules.asset"
/Applications/Unity/2019.3.6f1/Unity.app/Contents/il2cpp/build/deploy/net471/UnityLinker.exe exited after 2726 ms.
/Applications/Unity/2019.3.6f1/Unity.app/Contents/Tools/InternalCallRegistrationWriter/InternalCallRegistrationWriter.exe exited after 204 ms.
Invoking il2cpp with arguments: --convert-to-cpp --emit-null-checks --enable-array-bounds-check --dotnetprofile="unityaot" --compile-cpp --libil2cpp-static --platform="Android" --architecture="ARMv7" --configuration="Release" --outputpath="/Users/xlcw/Work/tw/PerformanceOptimization/BuildAnyPlatform/Temp/StagingArea/assets/bin/Data/Native/armeabi-v7a/libil2cpp.so" --cachedirectory="/Users/xlcw/Work/tw/PerformanceOptimization/BuildAnyPlatform/Assets/../Library/il2cpp_android_armeabi-v7a/il2cpp_cache" --additional-include-directories="/Applications/Unity/2019.3.6f1/PlaybackEngines/AndroidPlayer/Tools/bdwgc/include" --additional-include-directories="/Applications/Unity/2019.3.6f1/PlaybackEngines/AndroidPlayer/Tools/libil2cpp/include" --tool-chain-path="/Applications/Unity/2019.3.6f1/PlaybackEngines/AndroidPlayer/NDK" --profiler-report --map-file-parser="/Applications/Unity/2019.3.6f1/Unity.app/Contents/Tools/MapFileParser/MapFileParser" --directory="/Users/xlcw/Work/tw/PerformanceOptimization/BuildAnyPlatform/Temp/StagingArea/assets/bin/Data/Managed" --generatedcppdir="/Users/xlcw/Work/tw/PerformanceOptimization/BuildAnyPlatform/Temp/StagingArea/Il2Cpp/il2cppOutput" 
/Applications/Unity/2019.3.6f1/Unity.app/Contents/il2cpp/build/deploy/il2cppcore/il2cppcore.dll exited after 14124 ms.
Android PostProcess task "IL2CPP" took 19423.9407 ms
Android PostProcess task "Build native Unity binary" took 0.2352 ms
Android PostProcess task "Zipping symbols" took 0.4415 ms
Android PostProcess task "Performance Reporting Symbol Upload" took 0.4437 ms
Android PostProcess task "Preparing streaming assets" took 12.6219 ms
Android PostProcess task "Creating APK expansion package (OBB)" took 0.1348 ms
Android PostProcess task "Exporting project" took 237.5635 ms
Android PostProcess task "Building Gradle project" took 6291.2414 ms
Android PostProcess task "Processing Mapping File" took 4.404 ms
Android PostProcess task "Moving output package(s)" took 8.5294 ms

-------------------------------------------------------------------------------
Build Report
Uncompressed usage by category (Percentages based on user generated assets only):
Textures               0.0 kb	 0.0% 
Meshes                 0.0 kb	 0.0% 
Animations             0.0 kb	 0.0% 
Sounds                 0.0 kb	 0.0% 
Shaders                19.0 kb	 0.1% 
Other Assets           0.7 kb	 0.0% 
Levels                 5.3 kb	 0.0% 
Scripts                1.7 mb	 11.2% 
Included DLLs          13.3 mb	 88.6% 
File headers           15.1 kb	 0.1% 
Total User Assets      15.0 mb	 100.0% 
Complete build size    102.4 mb
Used Assets and files from the Resources folder, sorted by uncompressed size:
 19.6 kb	 0.0% Resources/unity_builtin_extra
 0.3 kb	 0.0% Assets/UWA/Libs/UWAWrapper_Android.dll
 0.2 kb	 0.0% Packages/com.unity.multiplayer-hlapi/Tests/Runtime/GetCurrentRTTCallDoesntCrashWhenUseWebSockets_BridgeScript.cs
 0.2 kb	 0.0% Packages/com.unity.test-framework/UnityEngine.TestRunner/NUnitExtensions/Runner/RestoreTestContextAfterDomainReload.cs
 0.2 kb	 0.0% Packages/com.unity.ugui/Tests/Runtime/Canvas/RectMask2DWithNestedCanvasCullsUsingCorrectCanvasRect.cs
 0.2 kb	 0.0% Packages/com.unity.multiplayer-hlapi/Tests/Runtime/WeaverILGenerationTests_TargetRPCServerClientChecks.cs
 0.2 kb	 0.0% Packages/com.unity.multiplayer-hlapi/Tests/Runtime/NetworkManagerWorksWithNullScenesTest_BridgeScript.cs
 0.2 kb	 0.0% Packages/com.unity.multiplayer-hlapi/Tests/Runtime/NetworkManagerCallbacksOrderOnTheHost_BridgeScript.cs
 0.2 kb	 0.0% Packages/com.unity.multiplayer-hlapi/Tests/Runtime/NetworkBehaviourCallbacksOrderOnTheHost_BridgeScript.cs
 0.2 kb	 0.0% Packages/com.unity.test-framework/UnityEngine.TestRunner/NUnitExtensions/Runner/UnityLogCheckDelegatingCommand.cs
 0.2 kb	 0.0% Packages/com.unity.timeline/Runtime/AssetUpgrade/AnimationPlayableAssetUpgrade.cs
 0.2 kb	 0.0% Packages/com.unity.multiplayer-hlapi/Tests/Runtime/SettingNetworkStartPositionWorks_BridgeScript.cs
 0.2 kb	 0.0% Packages/com.unity.multiplayer-hlapi/Tests/Runtime/NetworkManagerStillWorksWhenUserUseStartAndAwake.cs
 0.2 kb	 0.0% Packages/com.unity.multiplayer-hlapi/Tests/Runtime/NetworkManagerGivesErrorWhenNoPlayerPrefabSet.cs
 0.2 kb	 0.0% Packages/com.unity.multiplayer-hlapi/Tests/Runtime/GetCurrentRTTCallDoesntCrashWhenUseWebSockets.cs
 0.2 kb	 0.0% Packages/com.unity.multiplayer-hlapi/Tests/Runtime/AuthorityOnSpawnedObjectsIsCorrect_BridgeScript.cs
 0.2 kb	 0.0% Packages/com.unity.test-framework/UnityEngine.TestRunner/NUnitExtensions/Runner/UnityTestExecutionContext.cs
 0.2 kb	 0.0% Packages/com.unity.test-framework/UnityEngine.TestRunner/NUnitExtensions/Commands/EnumerableApplyChangesToContextCommand.cs
 0.2 kb	 0.0% Packages/com.unity.test-framework/UnityEngine.TestRunner/Utils/Vector4ComparerWithEqualsOperator.cs
 0.2 kb	 0.0% Packages/com.unity.test-framework/UnityEngine.TestRunner/Utils/Vector3ComparerWithEqualsOperator.cs
 0.2 kb	 0.0% Packages/com.unity.test-framework/UnityEngine.TestRunner/Utils/Vector2ComparerWithEqualsOperator.cs
 0.2 kb	 0.0% Packages/com.unity.test-framework/UnityEngine.TestRunner/TestRunner/RemoteHelpers/RemoteTestResultDataWithTestData.cs
 0.2 kb	 0.0% Packages/com.unity.test-framework/UnityEngine.TestRunner/TestRunner/Callbacks/TestResultRendererCallback.cs
 0.2 kb	 0.0% Packages/com.unity.multiplayer-hlapi/Tests/Runtime/TwoInstancesOfServerSimpleWorkInOneProcess.cs
 0.2 kb	 0.0% Packages/com.unity.multiplayer-hlapi/Tests/Runtime/IsConnectedPropertyWorksOnDifferentClients.cs
 0.2 kb	 0.0% Packages/com.unity.multiplayer-hlapi/Tests/Runtime/HavingManyLocalClientsSimultaneouslyWorks.cs
 0.2 kb	 0.0% Packages/com.unity.test-framework/UnityEngine.TestRunner/TestRunner/PlaymodeTestsControllerSettings.cs
 0.2 kb	 0.0% Packages/com.unity.test-framework/UnityEngine.TestRunner/NUnitExtensions/Runner/UnityWorkItemDataHolder.cs
 0.2 kb	 0.0% Packages/com.unity.test-framework/UnityEngine.TestRunner/NUnitExtensions/Runner/UnityTestAssemblyRunner.cs
 0.2 kb	 0.0% Packages/com.unity.test-framework/UnityEngine.TestRunner/NUnitExtensions/Runner/PlaymodeWorkItemFactory.cs
 0.2 kb	 0.0% Packages/com.unity.test-framework/UnityEngine.TestRunner/NUnitExtensions/Runner/CoroutineTestWorkItem.cs
 0.2 kb	 0.0% Packages/com.unity.test-framework/UnityEngine.TestRunner/NUnitExtensions/Filters/CategoryFilterExtended.cs
 0.2 kb	 0.0% Packages/com.unity.test-framework/UnityEngine.TestRunner/Assertions/UnexpectedLogMessageException.cs
 0.2 kb	 0.0% Packages/com.unity.test-framework/UnityEngine.TestRunner/TestRunner/RemoteHelpers/RemoteTestResultDataFactory.cs
 0.2 kb	 0.0% Packages/com.unity.test-framework/UnityEngine.TestRunner/TestRunner/RemoteHelpers/PlayerConnectionMessageIds.cs
 0.2 kb	 0.0% Packages/com.unity.test-framework/UnityEngine.TestRunner/TestRunner/Callbacks/RemoteTestResultSender.cs
 0.2 kb	 0.0% Packages/com.unity.test-framework/UnityEngine.TestRunner/TestRunner/Callbacks/PlayModeRunnerCallback.cs
 0.2 kb	 0.0% Packages/com.unity.test-framework/UnityEngine.TestRunner/Assertions/AllocatingGCMemoryConstraint.cs
 0.2 kb	 0.0% Packages/com.unity.multiplayer-hlapi/Tests/Runtime/UnetPlayerWithGetCurrentRTTCallScript.cs
 0.2 kb	 0.0% Packages/com.unity.multiplayer-hlapi/Tests/Runtime/RecursionDetectionHandlesComplexScripts.cs
 0.2 kb	 0.0% Packages/com.unity.multiplayer-hlapi/Tests/Runtime/NetworkMigrationWorksTest_BridgeScript.cs
 0.2 kb	 0.0% Packages/com.unity.multiplayer-hlapi/Tests/Runtime/NetworkManagerWorksWithNullScenesTest.cs
 0.2 kb	 0.0% Packages/com.unity.multiplayer-hlapi/Tests/Runtime/NetworkManagerStopServerAndClientWorks.cs
 0.2 kb	 0.0% Packages/com.unity.multiplayer-hlapi/Tests/Runtime/NetworkManagerCallbacksOrderOnTheHost.cs
 0.2 kb	 0.0% Packages/com.unity.multiplayer-hlapi/Tests/Runtime/NetworkClientActiveWorksWithManyClients.cs
 0.2 kb	 0.0% Packages/com.unity.multiplayer-hlapi/Tests/Runtime/NetworkBehaviourCallbacksOrderOnTheHost.cs
 0.2 kb	 0.0% Packages/com.unity.multiplayer-hlapi/Runtime/NetworkTransformVisualizer.cs
 0.1 kb	 0.0% Packages/com.unity.test-framework/UnityEngine.TestRunner/NUnitExtensions/UnityTestAssemblyBuilder.cs
 0.1 kb	 0.0% Packages/com.unity.test-framework/UnityEngine.TestRunner/NUnitExtensions/Runner/TestCommandBuilder.cs
 0.1 kb	 0.0% Packages/com.unity.test-framework/UnityEngine.TestRunner/NUnitExtensions/Runner/DefaultTestWorkItem.cs
 0.1 kb	 0.0% Packages/com.unity.test-framework/UnityEngine.TestRunner/NUnitExtensions/Runner/CompositeWorkItem.cs
 0.1 kb	 0.0% Packages/com.unity.test-framework/UnityEngine.TestRunner/NUnitExtensions/Filters/AssemblyNameFilter.cs
 0.1 kb	 0.0% Packages/com.unity.test-framework/UnityEngine.TestRunner/NUnitExtensions/Commands/EnumerableSetUpTearDownCommand.cs
 0.1 kb	 0.0% Packages/com.unity.test-framework/UnityEngine.TestRunner/NUnitExtensions/Commands/EnumerableRepeatedTestCommand.cs
 0.1 kb	 0.0% Packages/com.unity.test-framework/UnityEngine.TestRunner/NUnitExtensions/Attributes/TestMustExpectAllLogsAttribute.cs
 0.1 kb	 0.0% Packages/com.unity.test-framework/UnityEngine.TestRunner/Assertions/UnityTestTimeoutException.cs
 0.1 kb	 0.0% Packages/com.unity.test-framework/UnityEngine.TestRunner/Assertions/UnhandledLogMessageException.cs
 0.1 kb	 0.0% Packages/com.unity.test-framework/UnityEngine.TestRunner/Assertions/InvalidSignatureException.cs
 0.1 kb	 0.0% Packages/com.unity.ugui/Tests/Runtime/Canvas/CanvasScalerWithChildTextObjectDoesNotCrash.cs
 0.1 kb	 0.0% Packages/com.unity.test-framework/UnityEngine.TestRunner/Utils/QuaternionEqualityComparer.cs
 0.1 kb	 0.0% Packages/com.unity.test-framework/UnityEngine.TestRunner/Utils/AssemblyProvider/PlayerTestAssemblyProvider.cs
 0.1 kb	 0.0% Packages/com.unity.test-framework/UnityEngine.TestRunner/TestRunner/Callbacks/TestResultRenderer.cs
 0.1 kb	 0.0% Packages/com.unity.multiplayer-hlapi/Tests/Runtime/WeaverILGenerationTests_SyncLists.cs
 0.1 kb	 0.0% Packages/com.unity.multiplayer-hlapi/Tests/Runtime/SpawningBase_SpawnableObjectScript.cs
 0.1 kb	 0.0% Packages/com.unity.multiplayer-hlapi/Tests/Runtime/SpawnObjectThenDeleteItBeforeConnect.cs
 0.1 kb	 0.0% Packages/com.unity.multiplayer-hlapi/Tests/Runtime/SpawnObjectThenDeleteItAfterConnect.cs
 0.1 kb	 0.0% Packages/com.unity.multiplayer-hlapi/Tests/Runtime/PlayerCallbacksOrderOnTheHostScript.cs
 0.1 kb	 0.0% Packages/com.unity.multiplayer-hlapi/Tests/Runtime/LocalClientSpawnsObjectBeforeConnect.cs
 0.1 kb	 0.0% Packages/com.unity.multiplayer-hlapi/Tests/Runtime/LocalClientSpawnsObjectAfterConnect.cs
 0.1 kb	 0.0% Packages/com.unity.multiplayer-hlapi/Tests/Runtime/CustomNetworkManagerWithCallbacks.cs
 0.1 kb	 0.0% Packages/com.unity.multiplayer-hlapi/Tests/Runtime/AuthorityOnSpawnedObjectsIsCorrect.cs
 0.1 kb	 0.0% Packages/com.unity.multiplayer-hlapi/Runtime/NetworkTransformChild.cs
 0.1 kb	 0.0% Packages/com.unity.multiplayer-hlapi/Runtime/NetworkProximityChecker.cs
 0.1 kb	 0.0% Packages/com.unity.multiplayer-hlapi/Runtime/NetworkMigrationManager.cs
 0.1 kb	 0.0% Packages/com.unity.multiplayer-hlapi/Runtime/NetworkMessageHandlers.cs
 0.1 kb	 0.0% Packages/com.unity.multiplayer-hlapi/Runtime/DefaultNetworkTransport.cs
 0.1 kb	 0.0% Packages/com.unity.test-framework/UnityEngine.TestRunner/Utils/PostBuildCleanupAttribute.cs
 0.1 kb	 0.0% Packages/com.unity.test-framework/UnityEngine.TestRunner/TestRunner/TestEnumeratorWrapper.cs
 0.1 kb	 0.0% Packages/com.unity.test-framework/UnityEngine.TestRunner/TestRunner/PlaymodeTestsController.cs
 0.1 kb	 0.0% Packages/com.unity.test-framework/UnityEngine.TestRunner/NUnitExtensions/TestResultExtensions.cs
 0.1 kb	 0.0% Packages/com.unity.test-framework/UnityEngine.TestRunner/NUnitExtensions/Runner/WorkItemFactory.cs
 0.1 kb	 0.0% Packages/com.unity.test-framework/UnityEngine.TestRunner/NUnitExtensions/Runner/UnityWorkItem.cs
 0.1 kb	 0.0% Packages/com.unity.test-framework/UnityEngine.TestRunner/NUnitExtensions/ConstructDelegator.cs
 0.1 kb	 0.0% Packages/com.unity.test-framework/UnityEngine.TestRunner/NUnitExtensions/Commands/OuterUnityTestActionCommand.cs
 0.1 kb	 0.0% Packages/com.unity.test-framework/UnityEngine.TestRunner/NUnitExtensions/Commands/ImmediateEnumerableCommand.cs
 0.1 kb	 0.0% Packages/com.unity.test-framework/UnityEngine.TestRunner/NUnitExtensions/Commands/EnumerableTestMethodCommand.cs
 0.1 kb	 0.0% Packages/com.unity.test-framework/UnityEngine.TestRunner/NUnitExtensions/Commands/EnumerableRetryTestCommand.cs
 0.1 kb	 0.0% Packages/com.unity.test-framework/UnityEngine.TestRunner/NUnitExtensions/Commands/BeforeAfterTestCommandState.cs
 0.1 kb	 0.0% Packages/com.unity.test-framework/UnityEngine.TestRunner/NUnitExtensions/Attributes/UnityCombinatorialStrategy.cs
 0.1 kb	 0.0% Packages/com.unity.test-framework/UnityEngine.TestRunner/NUnitExtensions/Attributes/ConditionalIgnoreAttribute.cs
 0.1 kb	 0.0% Packages/com.unity.ugui/Tests/Runtime/NestedLayout/SceneWithNestedLayoutElementsLoadScript.cs
 0.1 kb	 0.0% Packages/com.unity.ugui/Tests/Runtime/EventSystem/GraphicRaycasterWorldSpaceCanvasTests.cs
 0.1 kb	 0.0% Packages/com.unity.ugui/Tests/Runtime/Canvas/NoActiveCameraInSceneDoesNotCrashEditor.cs
 0.1 kb	 0.0% Packages/com.unity.ugui/Tests/Runtime/Canvas/CanvasSizeCorrectInAwakeAndStartScript.cs
 0.1 kb	 0.0% Packages/com.unity.timeline/Runtime/Animation/AnimationPreviewUpdateCallback.cs
 0.1 kb	 0.0% Packages/com.unity.timeline/Runtime/Animation/AnimationOutputWeightProcessor.cs
 0.1 kb	 0.0% Packages/com.unity.test-framework/UnityEngine.TestRunner/Utils/Vector4EqualityComparer.cs
 0.1 kb	 0.0% Packages/com.unity.test-framework/UnityEngine.TestRunner/Utils/Vector3EqualityComparer.cs
 0.1 kb	 0.0% Packages/com.unity.test-framework/UnityEngine.TestRunner/Utils/Vector2EqualityComparer.cs
 0.1 kb	 0.0% Packages/com.unity.test-framework/UnityEngine.TestRunner/Utils/TestRunCallbackListener.cs
 0.1 kb	 0.0% Packages/com.unity.test-framework/UnityEngine.TestRunner/Utils/FloatEqualityComparer.cs
 0.1 kb	 0.0% Packages/com.unity.test-framework/UnityEngine.TestRunner/Utils/ColorEqualityComparer.cs
 0.1 kb	 0.0% Packages/com.unity.test-framework/UnityEngine.TestRunner/Utils/AssemblyProvider/ScriptingRuntimeProxy.cs
 0.1 kb	 0.0% Packages/com.unity.test-framework/UnityEngine.TestRunner/TestRunner/SynchronousFilter.cs
 0.1 kb	 0.0% Packages/com.unity.test-framework/UnityEngine.TestRunner/TestRunner/RemoteHelpers/RemoteTestResultData.cs
 0.1 kb	 0.0% Packages/com.unity.multiplayer-hlapi/Tests/Runtime/SettingNetworkStartPositionWorks.cs
 0.1 kb	 0.0% Packages/com.unity.multiplayer-hlapi/Tests/Runtime/NetworkManagerSpawnSpecialPrefab.cs
 0.1 kb	 0.0% Packages/com.unity.multiplayer-hlapi/Tests/Runtime/NetworkManagerHandlesLargePacket.cs
 0.1 kb	 0.0% Packages/com.unity.multiplayer-hlapi/Tests/Runtime/NetworkManagerConfigWorksTest.cs
 0.1 kb	 0.0% Packages/com.unity.multiplayer-hlapi/Tests/Runtime/LocalClientSpawnsMultiplePlayers.cs
 0.1 kb	 0.0% Packages/com.unity.multiplayer-hlapi/Runtime/NetworkStartPosition.cs
 0.1 kb	 0.0% Packages/com.unity.multiplayer-hlapi/Runtime/NetworkServerSimple.cs
 0.1 kb	 0.0% Packages/com.unity.multiplayer-hlapi/Runtime/NetworkManagerHUD.cs
 0.1 kb	 0.0% Packages/com.unity.multiplayer-hlapi/Runtime/NetworkLobbyPlayer.cs
 0.1 kb	 0.0% Packages/com.unity.multiplayer-hlapi/Runtime/NetworkLobbyManager.cs
 0.1 kb	 0.0% Packages/com.unity.multiplayer-hlapi/Runtime/NetworkConnection.cs
 0.1 kb	 0.0% Packages/com.unity.multiplayer-hlapi/Runtime/DotNetCompatibility.cs
 0.1 kb	 0.0% Packages/com.unity.ugui/Runtime/UI/Core/Layout/HorizontalOrVerticalLayoutGroup.cs
 0.1 kb	 0.0% Packages/com.unity.test-framework/UnityEngine.TestRunner/Utils/TestRunCallbackAttribute.cs
 0.1 kb	 0.0% Packages/com.unity.test-framework/UnityEngine.TestRunner/TestRunner/TestListenerWrapper.cs
 0.1 kb	 0.0% Packages/com.unity.test-framework/UnityEngine.TestRunner/NUnitExtensions/TestExtensions.cs
 0.1 kb	 0.0% Packages/com.unity.test-framework/UnityEngine.TestRunner/NUnitExtensions/Runner/FailCommand.cs
 0.1 kb	 0.0% Packages/com.unity.test-framework/UnityEngine.TestRunner/NUnitExtensions/BaseDelegator.cs
 0.1 kb	 0.0% Packages/com.unity.test-framework/UnityEngine.TestRunner/NUnitExtensions/Attributes/UnityTearDownAttribute.cs
 0.1 kb	 0.0% Packages/com.unity.test-framework/UnityEngine.TestRunner/NUnitExtensions/Attributes/UnityPlatformAttribute.cs
 0.1 kb	 0.0% Packages/com.unity.test-framework/UnityEngine.TestRunner/NUnitExtensions/ActionDelegator.cs
 0.1 kb	 0.0% Packages/com.unity.ugui/Tests/Runtime/NestedLayout/SceneWithNestedLayoutElementsLoads.cs
 0.1 kb	 0.0% Packages/com.unity.ugui/Tests/Runtime/Canvas/CoroutineWorksIfUIObjectIsAttached.cs
 0.1 kb	 0.0% Packages/com.unity.timeline/Runtime/Utilities/AnimationPreviewUtilities.cs
 0.1 kb	 0.0% Packages/com.unity.timeline/Runtime/Playables/TimeNotificationBehaviour.cs
 0.1 kb	 0.0% Packages/com.unity.timeline/Runtime/Playables/ActivationControlPlayable.cs
 0.1 kb	 0.0% Packages/com.unity.test-framework/UnityEngine.TestRunner/Utils/AssemblyProvider/AssemblyLoadProxy.cs
 0.1 kb	 0.0% Packages/com.unity.test-framework/UnityEngine.TestRunner/TestRunner/TestRunnerFilter.cs
 0.1 kb	 0.0% Packages/com.unity.test-framework/UnityEngine.TestRunner/TestRunner/RemoteHelpers/RemoteTestData.cs
 0.1 kb	 0.0% Packages/com.unity.multiplayer-hlapi/Tests/Runtime/SpawningBase_PlayerScript.cs
 0.1 kb	 0.0% Packages/com.unity.multiplayer-hlapi/Tests/Runtime/ReadyStateBehavesCorrectly.cs
 0.1 kb	 0.0% Packages/com.unity.multiplayer-hlapi/Tests/Runtime/NetworkObserversObjectsWork.cs
 0.1 kb	 0.0% Packages/com.unity.multiplayer-hlapi/Tests/Runtime/NetworkMigrationWorksTest.cs
 0.1 kb	 0.0% Packages/com.unity.multiplayer-hlapi/Tests/Runtime/NetworkClientDisconnectWorks.cs
 0.1 kb	 0.0% Packages/com.unity.multiplayer-hlapi/Tests/Runtime/ClientCanConnectAfterFailure.cs
 0.1 kb	 0.0% Packages/com.unity.multiplayer-hlapi/Tests/Runtime/ChannelBufferHandlesOverflow.cs
 0.1 kb	 0.0% Packages/com.unity.multiplayer-hlapi/Runtime/PlayerController.cs
 0.1 kb	 0.0% Packages/com.unity.multiplayer-hlapi/Runtime/NetworkWriter.cs
 0.1 kb	 0.0% Packages/com.unity.multiplayer-hlapi/Runtime/NetworkTransform.cs
 0.1 kb	 0.0% Packages/com.unity.multiplayer-hlapi/Runtime/NetworkServer.cs
 0.1 kb	 0.0% Packages/com.unity.multiplayer-hlapi/Runtime/NetworkReader.cs
 0.1 kb	 0.0% Packages/com.unity.multiplayer-hlapi/Runtime/NetworkManager.cs
 0.1 kb	 0.0% Packages/com.unity.multiplayer-hlapi/Runtime/NetworkIdentity.cs
 0.1 kb	 0.0% Packages/com.unity.multiplayer-hlapi/Runtime/NetworkDiscovery.cs
 0.1 kb	 0.0% Packages/com.unity.multiplayer-hlapi/Runtime/NetworkClient.cs
 0.1 kb	 0.0% Packages/com.unity.multiplayer-hlapi/Runtime/NetworkCallbacks.cs
 0.1 kb	 0.0% Packages/com.unity.multiplayer-hlapi/Runtime/NetworkBehaviour.cs
 0.1 kb	 0.0% Packages/com.unity.multiplayer-hlapi/Runtime/NetworkAnimator.cs
 0.1 kb	 0.0% Packages/com.unity.multiplayer-hlapi/Runtime/ConnectionArray.cs
 0.1 kb	 0.0% Packages/com.unity.multiplayer-hlapi/Runtime/ChannelBuffer.cs
 0.1 kb	 0.0% Packages/com.unity.ugui/Tests/Runtime/Util/UIBehaviourExtensions.cs
 0.1 kb	 0.0% Packages/com.unity.ugui/Runtime/EventSystem/InputModules/StandaloneInputModule.cs
 0.1 kb	 0.0% Packages/com.unity.timeline/Runtime/AssetUpgrade/AnimationTrackUpgrade.cs
 0.1 kb	 0.0% Packages/com.unity.test-framework/UnityEngine.TestRunner/TestRunner/Messages/IEditModeTestYieldInstruction.cs
 0.1 kb	 0.0% Packages/com.unity.test-framework/UnityEngine.TestRunner/NUnitExtensions/Commands/TestCommandPcHelper.cs
 0.1 kb	 0.0% Packages/com.unity.test-framework/UnityEngine.TestRunner/NUnitExtensions/Commands/TestActionCommand.cs
 0.1 kb	 0.0% Packages/com.unity.test-framework/UnityEngine.TestRunner/NUnitExtensions/Commands/SetUpTearDownCommand.cs
 0.1 kb	 0.0% Packages/com.unity.test-framework/UnityEngine.TestRunner/NUnitExtensions/Attributes/UnityTestAttribute.cs
 0.1 kb	 0.0% Packages/com.unity.test-framework/UnityEngine.TestRunner/NUnitExtensions/Attributes/UnitySetUpAttribute.cs
 0.1 kb	 0.0% Packages/com.unity.purchasing/Tests/Runtime/PurchasingRuntimeTest.cs
 0.1 kb	 0.0% Packages/com.unity.ugui/Tests/Runtime/InputField/GenericInputFieldTests.cs
 0.1 kb	 0.0% Packages/com.unity.ugui/Tests/Runtime/InputField/DesktopInputFieldTests.cs
 0.1 kb	 0.0% Packages/com.unity.ugui/Tests/Runtime/Canvas/RectTransformValidAfterEnable.cs
 0.1 kb	 0.0% Packages/com.unity.ugui/Tests/Runtime/Canvas/NestedCanvasMaintainsCorrectSize.cs
 0.1 kb	 0.0% Packages/com.unity.ugui/Tests/Runtime/Canvas/CheckMeshColorsAndColors32Match.cs
 0.1 kb	 0.0% Packages/com.unity.ugui/Tests/Runtime/Canvas/CanvasSizeCorrectInAwakeAndStart.cs
 0.1 kb	 0.0% Packages/com.unity.ugui/Tests/Runtime/Canvas/BridgeScriptForRetainingObjects.cs
 0.1 kb	 0.0% Packages/com.unity.timeline/Runtime/Utilities/TimelineCreateUtilities.cs
 0.1 kb	 0.0% Packages/com.unity.timeline/Runtime/Utilities/NotificationUtilities.cs
 0.1 kb	 0.0% Packages/com.unity.timeline/Runtime/Playables/PrefabControlPlayable.cs
 0.1 kb	 0.0% Packages/com.unity.timeline/Runtime/Playables/ParticleControlPlayable.cs
 0.1 kb	 0.0% Packages/com.unity.timeline/Runtime/Playables/DirectorControlPlayable.cs
 0.1 kb	 0.0% Packages/com.unity.timeline/Runtime/Events/Signals/CustomSignalEventDrawer.cs
 0.1 kb	 0.0% Packages/com.unity.timeline/Runtime/Animation/AnimationPlayableAsset.cs
 0.1 kb	 0.0% Packages/com.unity.timeline/Runtime/Activation/ActivationPlayableAsset.cs
 0.1 kb	 0.0% Packages/com.unity.timeline/Runtime/Activation/ActivationMixerPlayable.cs
 0.1 kb	 0.0% Packages/com.unity.textmeshpro/Scripts/Runtime/TMP_ScrollbarEventHandler.cs
 0.1 kb	 0.0% Packages/com.unity.textmeshpro/Scripts/Runtime/TMP_PackageResourceImporter.cs
 0.1 kb	 0.0% Packages/com.unity.textmeshpro/Scripts/Runtime/TMP_EditorResourceManager.cs
 0.1 kb	 0.0% Packages/com.unity.test-framework/UnityEngine.TestRunner/Utils/CoroutineRunner.cs
 0.1 kb	 0.0% Packages/com.unity.test-framework/UnityEngine.TestRunner/Utils/AssemblyProvider/AssemblyWrapper.cs
 0.1 kb	 0.0% Packages/com.unity.multiplayer-hlapi/Tests/Runtime/SpawnObjectOnServerOnly.cs
 0.1 kb	 0.0% Packages/com.unity.multiplayer-hlapi/Tests/Runtime/SpawnObjectBeforeConnect.cs
 0.1 kb	 0.0% Packages/com.unity.multiplayer-hlapi/Tests/Runtime/SpawnObjectAfterConnect.cs
 0.1 kb	 0.0% Packages/com.unity.multiplayer-hlapi/Tests/Runtime/NoAuthSpawnableObject.cs
 0.1 kb	 0.0% Packages/com.unity.multiplayer-hlapi/Tests/Runtime/NetworkMessagesWorkTest.cs
 0.1 kb	 0.0% Packages/com.unity.multiplayer-hlapi/Tests/Runtime/NetworkDiscoveryWorks.cs
 0.1 kb	 0.0% Packages/com.unity.multiplayer-hlapi/Tests/Runtime/ConnectLocalClientWorks.cs
 0.1 kb	 0.0% Packages/com.unity.multiplayer-hlapi/Tests/Runtime/CommandsAndRPCCallsWork.cs
 0.1 kb	 0.0% Packages/com.unity.multiplayer-hlapi/Runtime/NetworkScene.cs
 0.1 kb	 0.0% Packages/com.unity.multiplayer-hlapi/Runtime/NetworkCRC.cs
 0.1 kb	 0.0% Packages/com.unity.multiplayer-hlapi/Runtime/LogFilter.cs
 0.1 kb	 0.0% Packages/com.unity.multiplayer-hlapi/Runtime/LocalClient.cs
 0.1 kb	 0.0% Packages/com.unity.multiplayer-hlapi/Runtime/ClientScene.cs
 0.1 kb	 0.0% Packages/com.unity.ugui/Tests/Runtime/Util/GraphicTestHelper.cs
 0.1 kb	 0.0% Packages/com.unity.ugui/Tests/Runtime/Util/ExceptionUtils.cs
 0.1 kb	 0.0% Packages/com.unity.ugui/Tests/Runtime/Layout/VerticalLayoutGroupTests.cs
 0.1 kb	 0.0% Packages/com.unity.ugui/Tests/Runtime/Layout/ContentSizeFitterTests.cs
 0.1 kb	 0.0% Packages/com.unity.ugui/Runtime/UI/Core/Utility/ReflectionMethodsCache.cs
 0.1 kb	 0.0% Packages/com.unity.ugui/Runtime/UI/Core/MultipleDisplayUtilities.cs
 0.1 kb	 0.0% Packages/com.unity.ugui/Runtime/UI/Core/Layout/HorizontalLayoutGroup.cs
 0.1 kb	 0.0% Packages/com.unity.ugui/Runtime/UI/Core/GraphicRebuildTracker.cs
 0.1 kb	 0.0% Packages/com.unity.ugui/Runtime/UI/Core/Culling/RectangularVertexClipper.cs
 0.1 kb	 0.0% Packages/com.unity.ugui/Runtime/EventSystem/Raycasters/Physics2DRaycaster.cs
 0.1 kb	 0.0% Packages/com.unity.ugui/Runtime/EventSystem/InputModules/PointerInputModule.cs
 0.1 kb	 0.0% Packages/com.unity.test-framework/UnityEngine.TestRunner/Utils/PrebuildSceneSetupAttribute.cs
 0.1 kb	 0.0% Packages/com.unity.test-framework/UnityEngine.TestRunner/Utils/AttributeHelper.cs
 0.1 kb	 0.0% Packages/com.unity.test-framework/UnityEngine.TestRunner/TestRunner/RemoteHelpers/IRemoteTestResultDataFactory.cs
 0.1 kb	 0.0% Packages/com.unity.test-framework/UnityEngine.TestRunner/NUnitExtensions/Runner/IEnumerableTestMethodCommand.cs
 0.1 kb	 0.0% Packages/com.unity.test-framework/UnityEngine.TestRunner/NUnitExtensions/IAsyncTestAssemblyBuilder.cs
 0.1 kb	 0.0% Packages/com.unity.test-framework/UnityEngine.TestRunner/NUnitExtensions/Commands/BeforeAfterTestCommandBase.cs
 0.1 kb	 0.0% Packages/com.unity.test-framework/UnityEngine.TestRunner/NUnitExtensions/Attributes/TestEnumerator.cs
 0.1 kb	 0.0% Packages/com.unity.ugui/Tests/Runtime/TextEditor/TextEditorBackspaceDelete.cs
 0.1 kb	 0.0% Packages/com.unity.ugui/Tests/Runtime/Layout/HorizonalLayoutGroupTests.cs
 0.1 kb	 0.0% Packages/com.unity.ugui/Tests/Runtime/InputField/TouchInputFieldTests.cs
 0.1 kb	 0.0% Packages/com.unity.ugui/Tests/Runtime/Canvas/SiblingOrderChangesLayout.cs
 0.1 kb	 0.0% Packages/com.unity.ugui/Tests/Runtime/Canvas/CanvasGroupInheritedAlpha.cs
 0.1 kb	 0.0% Packages/com.unity.timeline/Runtime/Utilities/AnimatorBindingCache.cs
 0.1 kb	 0.0% Packages/com.unity.timeline/Runtime/Playables/TimeControlPlayable.cs
 0.1 kb	 0.0% Packages/com.unity.timeline/Runtime/Evaluation/ScheduleRuntimeClip.cs
 0.1 kb	 0.0% Packages/com.unity.timeline/Runtime/Evaluation/InfiniteRuntimeClip.cs
 0.1 kb	 0.0% Packages/com.unity.timeline/Runtime/Control/ControlPlayableAsset.cs
 0.1 kb	 0.0% Packages/com.unity.timeline/Runtime/Audio/AudioPlayableAsset.cs
 0.1 kb	 0.0% Packages/com.unity.timeline/Runtime/Audio/AudioMixerProperties.cs
 0.1 kb	 0.0% Packages/com.unity.timeline/Runtime/Audio/AudioClipProperties.cs
 0.1 kb	 0.0% Packages/com.unity.timeline/Runtime/Attributes/TrackColorAttribute.cs
 0.1 kb	 0.0% Packages/com.unity.textmeshpro/Scripts/Runtime/TMPro_ExtensionMethods.cs
 0.1 kb	 0.0% Packages/com.unity.textmeshpro/Scripts/Runtime/TMP_TextParsingUtilities.cs
 0.1 kb	 0.0% Packages/com.unity.textmeshpro/Scripts/Runtime/TMP_TextElement_Legacy.cs
 0.1 kb	 0.0% Packages/com.unity.textmeshpro/Scripts/Runtime/TMP_SpriteAssetImportFormats.cs
 0.1 kb	 0.0% Packages/com.unity.textmeshpro/Scripts/Runtime/TMP_FontAssetUtilities.cs
 0.1 kb	 0.0% Packages/com.unity.textmeshpro/Scripts/Runtime/MaterialReferenceManager.cs
 0.1 kb	 0.0% Packages/com.unity.multiplayer-hlapi/Tests/Runtime/PlayerWithAuthority.cs
 0.1 kb	 0.0% Packages/com.unity.multiplayer-hlapi/Tests/Runtime/PlayWithReadyState.cs
 0.1 kb	 0.0% Packages/com.unity.multiplayer-hlapi/Tests/Runtime/DisconnectAllWorks.cs
 0.1 kb	 0.0% Packages/com.unity.multiplayer-hlapi/Tests/Runtime/ConnectWithDNSWorks.cs
 0.1 kb	 0.0% Packages/com.unity.multiplayer-hlapi/Tests/Runtime/AuthSpawnableObject.cs
 0.1 kb	 0.0% Packages/com.unity.multiplayer-hlapi/Runtime/NetworkInstanceId.cs
 0.1 kb	 0.0% Packages/com.unity.multiplayer-hlapi/Runtime/INetworkTransport.cs
 0.1 kb	 0.0% Packages/com.unity.ugui/Tests/Runtime/Util/ConcreteGraphic.cs
 0.1 kb	 0.0% Packages/com.unity.ugui/Tests/Runtime/Toggle/TestableToggleGroup.cs
 0.1 kb	 0.0% Packages/com.unity.ugui/Tests/Runtime/Layout/LayoutGroupScaling.cs
 0.1 kb	 0.0% Packages/com.unity.ugui/Tests/Runtime/EventSystem/SelectableTests.cs
 0.1 kb	 0.0% Packages/com.unity.ugui/Runtime/UI/Core/SetPropertyUtility.cs
 0.1 kb	 0.0% Packages/com.unity.ugui/Runtime/UI/Core/Layout/VerticalLayoutGroup.cs
 0.1 kb	 0.0% Packages/com.unity.ugui/Runtime/UI/Core/Layout/ContentSizeFitter.cs
 0.1 kb	 0.0% Packages/com.unity.ugui/Runtime/UI/Core/Layout/AspectRatioFitter.cs
 0.1 kb	 0.0% Packages/com.unity.ugui/Runtime/UI/Core/FontUpdateTracker.cs
 0.1 kb	 0.0% Packages/com.unity.ugui/Runtime/UI/Core/CanvasUpdateRegistry.cs
 0.1 kb	 0.0% Packages/com.unity.ugui/Runtime/UI/Core/AnimationTriggers.cs
 0.1 kb	 0.0% Packages/com.unity.ugui/Runtime/EventSystem/Raycasters/PhysicsRaycaster.cs
 0.1 kb	 0.0% Packages/com.unity.ugui/Runtime/EventSystem/Raycasters/BaseRaycaster.cs
 0.1 kb	 0.0% Packages/com.unity.ugui/Runtime/EventSystem/RaycasterManager.cs
 0.1 kb	 0.0% Packages/com.unity.ugui/Runtime/EventSystem/InputModules/TouchInputModule.cs
 0.1 kb	 0.0% Packages/com.unity.ugui/Runtime/EventSystem/InputModules/BaseInputModule.cs
 0.1 kb	 0.0% Packages/com.unity.ugui/Runtime/EventSystem/ExecuteEvents.cs
 0.1 kb	 0.0% Packages/com.unity.ugui/Runtime/EventSystem/EventData/PointerEventData.cs
 0.1 kb	 0.0% Packages/com.unity.ugui/Runtime/EventSystem/EventData/BaseEventData.cs
 0.1 kb	 0.0% Packages/com.unity.ugui/Runtime/EventSystem/EventData/AxisEventData.cs
 0.1 kb	 0.0% Packages/com.unity.timeline/Runtime/TimelineAsset_CreateRemove.cs
 0.1 kb	 0.0% Packages/com.unity.timeline/Runtime/Events/INotificationOptionProvider.cs
 0.1 kb	 0.0% Packages/com.unity.test-framework/UnityEngine.TestRunner/Utils/IOuterUnityTestAction.cs
 0.1 kb	 0.0% Packages/com.unity.test-framework/UnityEngine.TestRunner/Utils/AssemblyProvider/ITestAssemblyProvider.cs
 0.1 kb	 0.0% Packages/com.unity.test-framework/UnityEngine.TestRunner/Utils/AssemblyProvider/IScriptingRuntimeProxy.cs
 0.1 kb	 0.0% Packages/com.unity.test-framework/UnityEngine.TestRunner/Assertions/LogScope/LogScope.cs
 0.1 kb	 0.0% Packages/com.unity.test-framework/UnityEngine.TestRunner/Assertions/LogScope/LogMatch.cs
 0.1 kb	 0.0% Packages/com.unity.test-framework/UnityEngine.TestRunner/Assertions/LogScope/LogEvent.cs
 0.1 kb	 0.0% Packages/com.unity.test-framework/UnityEngine.TestRunner/Assertions/LogAssert.cs
 0.1 kb	 0.0% Packages/com.unity.test-framework/UnityEngine.TestRunner/Assertions/ConstraintsExtensions.cs
 0.1 kb	 0.0% Packages/com.unity.ugui/Tests/Runtime/ScrollRect/ScrollRectStableLayout.cs
 0.1 kb	 0.0% Packages/com.unity.ugui/Tests/Runtime/MaskClipping/RectMask2DClipping.cs
 0.1 kb	 0.0% Packages/com.unity.ugui/Tests/Runtime/LayoutGroup/LayoutGroupArrangement.cs
 0.1 kb	 0.0% Packages/com.unity.ugui/Tests/Runtime/InputField/FakeInputModule.cs
 0.1 kb	 0.0% Packages/com.unity.ugui/Tests/Runtime/Image/ImageFilledGenerateWork.cs
 0.1 kb	 0.0% Packages/com.unity.ugui/Tests/Runtime/EventSystem/PhysicsRaycasterTests.cs
 0.1 kb	 0.0% Packages/com.unity.ugui/Tests/Runtime/EventSystem/GraphicRaycasterTests.cs
 0.1 kb	 0.0% Packages/com.unity.timeline/Runtime/Utilities/WeightUtility.cs
 0.1 kb	 0.0% Packages/com.unity.timeline/Runtime/Utilities/Extrapolation.cs
 0.1 kb	 0.0% Packages/com.unity.timeline/Runtime/TimelinePlayable.cs
 0.1 kb	 0.0% Packages/com.unity.timeline/Runtime/TimelineAsset.cs
 0.1 kb	 0.0% Packages/com.unity.timeline/Runtime/Scripting/PlayableTrack.cs
 0.1 kb	 0.0% Packages/com.unity.timeline/Runtime/Events/Signals/SignalReceiver.cs
 0.1 kb	 0.0% Packages/com.unity.timeline/Runtime/Events/Signals/SignalEmitter.cs
 0.1 kb	 0.0% Packages/com.unity.timeline/Runtime/Evaluation/RuntimeElement.cs
 0.1 kb	 0.0% Packages/com.unity.timeline/Runtime/Evaluation/RuntimeClipBase.cs
 0.1 kb	 0.0% Packages/com.unity.timeline/Runtime/Animation/AnimationTrack.cs
 0.1 kb	 0.0% Packages/com.unity.timeline/Runtime/Activation/ActivationTrack.cs
 0.1 kb	 0.0% Packages/com.unity.textmeshpro/Scripts/Runtime/TMPro_EventManager.cs
 0.1 kb	 0.0% Packages/com.unity.textmeshpro/Scripts/Runtime/TMP_UpdateManager.cs
 0.1 kb	 0.0% Packages/com.unity.textmeshpro/Scripts/Runtime/TMP_TextUtilities.cs
 0.1 kb	 0.0% Packages/com.unity.textmeshpro/Scripts/Runtime/TMP_SpriteCharacter.cs
 0.1 kb	 0.0% Packages/com.unity.textmeshpro/Scripts/Runtime/TMP_SpriteAnimator.cs
 0.1 kb	 0.0% Packages/com.unity.textmeshpro/Scripts/Runtime/TMP_SelectionCaret.cs
 0.1 kb	 0.0% Packages/com.unity.textmeshpro/Scripts/Runtime/TMP_RichTextTagsCommon.cs
 0.1 kb	 0.0% Packages/com.unity.textmeshpro/Scripts/Runtime/TMP_MaterialManager.cs
 0.1 kb	 0.0% Packages/com.unity.textmeshpro/Scripts/Runtime/TMP_InputValidator.cs
 0.1 kb	 0.0% Packages/com.unity.textmeshpro/Scripts/Runtime/TMP_FontFeaturesCommon.cs
 0.1 kb	 0.0% Packages/com.unity.textmeshpro/Scripts/Runtime/TMP_FontFeatureTable.cs
 0.1 kb	 0.0% Packages/com.unity.textmeshpro/Scripts/Runtime/TMP_DefaultControls.cs
 0.1 kb	 0.0% Packages/com.unity.textmeshpro/Scripts/Runtime/TMP_ColorGradient.cs
 0.1 kb	 0.0% Packages/com.unity.test-framework/UnityEngine.TestRunner/Utils/Utils.cs
 0.1 kb	 0.0% Packages/com.unity.test-framework/UnityEngine.TestRunner/Assertions/Is.cs
 0.1 kb	 0.0% Packages/com.unity.multiplayer-hlapi/Tests/Runtime/NetworkMessages.cs
 0.1 kb	 0.0% Packages/com.unity.multiplayer-hlapi/Tests/Runtime/BaseClass/SpawningTestBase.cs
 0.1 kb	 0.0% Packages/com.unity.multiplayer-hlapi/Runtime/NetworkSceneId.cs
 0.1 kb	 0.0% Packages/com.unity.multiplayer-hlapi/Runtime/NetworkHash128.cs
 0.1 kb	 0.0% Packages/com.unity.multiplayer-hlapi/Runtime/NetworkBuffer.cs
 0.1 kb	 0.0% Packages/com.unity.multiplayer-hlapi/Runtime/LocalConnections.cs
 0.1 kb	 0.0% Packages/com.unity.multiplayer-hlapi/Runtime/CustomAttributes.cs
 0.1 kb	 0.0% Packages/com.unity.multiplayer-hlapi/Runtime/ChannelPacket.cs
 0.1 kb	 0.0% Packages/com.unity.ugui/Tests/Runtime/Util/ImageHook.cs
 0.1 kb	 0.0% Packages/com.unity.ugui/Tests/Runtime/Toggle/ToggleGroupTests.cs
 0.1 kb	 0.0% Packages/com.unity.ugui/Tests/Runtime/Graphic/ImageTests.cs
 0.1 kb	 0.0% Packages/com.unity.ugui/Runtime/UI/Core/VertexModifiers/PositionAsUV1.cs
 0.1 kb	 0.0% Packages/com.unity.ugui/Runtime/UI/Core/VertexModifiers/BaseMeshEffect.cs
 0.1 kb	 0.0% Packages/com.unity.ugui/Runtime/UI/Core/StencilMaterial.cs
 0.1 kb	 0.0% Packages/com.unity.ugui/Runtime/UI/Core/MaskableGraphic.cs
 0.1 kb	 0.0% Packages/com.unity.ugui/Runtime/UI/Core/MaskUtilities.cs
 0.1 kb	 0.0% Packages/com.unity.ugui/Runtime/UI/Core/Layout/LayoutUtility.cs
 0.1 kb	 0.0% Packages/com.unity.ugui/Runtime/UI/Core/Layout/LayoutRebuilder.cs
 0.1 kb	 0.0% Packages/com.unity.ugui/Runtime/UI/Core/Layout/LayoutElement.cs
 0.1 kb	 0.0% Packages/com.unity.ugui/Runtime/UI/Core/Layout/GridLayoutGroup.cs
 0.1 kb	 0.0% Packages/com.unity.ugui/Runtime/UI/Core/IGraphicEnabledDisabled.cs
 0.1 kb	 0.0% Packages/com.unity.ugui/Runtime/UI/Core/GraphicRegistry.cs
 0.1 kb	 0.0% Packages/com.unity.ugui/Runtime/UI/Core/GraphicRaycaster.cs
 0.1 kb	 0.0% Packages/com.unity.ugui/Runtime/UI/Core/DefaultControls.cs
 0.1 kb	 0.0% Packages/com.unity.ugui/Runtime/UI/Core/Culling/ClipperRegistry.cs
 0.1 kb	 0.0% Packages/com.unity.ugui/Runtime/EventSystem/UIBehaviour.cs
 0.1 kb	 0.0% Packages/com.unity.ugui/Runtime/EventSystem/InputModules/BaseInput.cs
 0.1 kb	 0.0% Packages/com.unity.ugui/Runtime/EventSystem/EventTrigger.cs
 0.1 kb	 0.0% Packages/com.unity.ugui/Runtime/EventSystem/EventSystem.cs
 0.1 kb	 0.0% Packages/com.unity.textmeshpro/Tests/Runtime/TMP_RuntimeTests.cs
 0.1 kb	 0.0% Packages/com.unity.test-framework/UnityEngine.TestRunner/Utils/MonoBehaviourTest/MonoBehaviourTest.cs
 0.1 kb	 0.0% Packages/com.unity.test-framework/UnityEngine.TestRunner/Utils/MonoBehaviourTest/IMonoBehaviourTest.cs
 0.1 kb	 0.0% Packages/com.unity.test-framework/UnityEngine.TestRunner/Utils/IPrebuildSceneSetup.cs
 0.1 kb	 0.0% Packages/com.unity.test-framework/UnityEngine.TestRunner/Utils/IPostBuildCleanup.cs
 0.1 kb	 0.0% Packages/com.unity.test-framework/UnityEngine.TestRunner/Utils/AssemblyProvider/IAssemblyLoadProxy.cs
 0.1 kb	 0.0% Packages/com.unity.test-framework/UnityEngine.TestRunner/TestRunner/ITestRunnerListener.cs
 0.1 kb	 0.0% Packages/com.unity.ugui/Tests/Runtime/Util/PrivateFieldSetter.cs
 0.1 kb	 0.0% Packages/com.unity.ugui/Tests/Runtime/Layout/GridLayoutGroupTests.cs
 0.1 kb	 0.0% Packages/com.unity.ugui/Tests/Runtime/Graphic/ToggleTestImageHook.cs
 0.1 kb	 0.0% Packages/com.unity.ugui/Tests/Runtime/EventSystem/RaycastSortingTests.cs
 0.1 kb	 0.0% Packages/com.unity.ugui/Tests/Runtime/EventSystem/InputModuleTests/DragCallbackCheck.cs
 0.1 kb	 0.0% Packages/com.unity.ugui/Tests/Runtime/Canvas/CreateSceneUtility.cs
 0.1 kb	 0.0% Packages/com.unity.timeline/Runtime/Utilities/TimelineUndo.cs
 0.1 kb	 0.0% Packages/com.unity.timeline/Runtime/Utilities/TimeUtility.cs
 0.1 kb	 0.0% Packages/com.unity.timeline/Runtime/Utilities/HashUtility.cs
 0.1 kb	 0.0% Packages/com.unity.timeline/Runtime/TrackAsset.cs
 0.1 kb	 0.0% Packages/com.unity.timeline/Runtime/TimelineClip.cs
 0.1 kb	 0.0% Packages/com.unity.timeline/Runtime/GroupTrack.cs
 0.1 kb	 0.0% Packages/com.unity.timeline/Runtime/Events/Signals/SignalAsset.cs
 0.1 kb	 0.0% Packages/com.unity.timeline/Runtime/Events/SignalTrack.cs
 0.1 kb	 0.0% Packages/com.unity.timeline/Runtime/Events/MarkerTrack.cs
 0.1 kb	 0.0% Packages/com.unity.timeline/Runtime/Evaluation/RuntimeClip.cs
 0.1 kb	 0.0% Packages/com.unity.timeline/Runtime/Control/ControlTrack.cs
 0.1 kb	 0.0% Packages/com.unity.timeline/Runtime/Audio/AudioTrack.cs
 0.1 kb	 0.0% Packages/com.unity.textmeshpro/Scripts/Runtime/TextMeshProUGUI.cs
 0.1 kb	 0.0% Packages/com.unity.textmeshpro/Scripts/Runtime/TextContainer.cs
 0.1 kb	 0.0% Packages/com.unity.textmeshpro/Scripts/Runtime/TMPro_UGUI_Private.cs
 0.1 kb	 0.0% Packages/com.unity.textmeshpro/Scripts/Runtime/TMPro_MeshUtilities.cs
 0.1 kb	 0.0% Packages/com.unity.textmeshpro/Scripts/Runtime/TMP_UpdateRegistery.cs
 0.1 kb	 0.0% Packages/com.unity.textmeshpro/Scripts/Runtime/TMP_TextElement.cs
 0.1 kb	 0.0% Packages/com.unity.textmeshpro/Scripts/Runtime/TMP_SubMeshUI.cs
 0.1 kb	 0.0% Packages/com.unity.textmeshpro/Scripts/Runtime/TMP_StyleSheet.cs
 0.1 kb	 0.0% Packages/com.unity.textmeshpro/Scripts/Runtime/TMP_SpriteGlyph.cs
 0.1 kb	 0.0% Packages/com.unity.textmeshpro/Scripts/Runtime/TMP_SpriteAsset.cs
 0.1 kb	 0.0% Packages/com.unity.textmeshpro/Scripts/Runtime/TMP_ShaderUtilities.cs
 0.1 kb	 0.0% Packages/com.unity.textmeshpro/Scripts/Runtime/TMP_RichTextTagStack.cs
 0.1 kb	 0.0% Packages/com.unity.textmeshpro/Scripts/Runtime/TMP_InputField.cs
 0.1 kb	 0.0% Packages/com.unity.textmeshpro/Scripts/Runtime/TMP_FontAssetCommon.cs
 0.1 kb	 0.0% Packages/com.unity.textmeshpro/Scripts/Runtime/TMP_FontAsset.cs
 0.1 kb	 0.0% Packages/com.unity.textmeshpro/Scripts/Runtime/TMP_CoroutineTween.cs
 0.1 kb	 0.0% Packages/com.unity.textmeshpro/Scripts/Runtime/TMP_CharacterInfo.cs
 0.1 kb	 0.0% Packages/com.unity.textmeshpro/Scripts/Runtime/TMP_Character.cs
 0.1 kb	 0.0% Packages/com.unity.multiplayer-hlapi/Tests/Runtime/BaseClass/BridgeScript.cs
 0.1 kb	 0.0% Packages/com.unity.multiplayer-hlapi/Runtime/Properties/AssemblyInfo.cs
 0.1 kb	 0.0% Packages/com.unity.ugui/Tests/Runtime/Toggle/ToggleTests.cs
 0.1 kb	 0.0% Packages/com.unity.ugui/Runtime/UI/Core/Utility/VertexHelper.cs
 0.1 kb	 0.0% Packages/com.unity.ugui/Runtime/UI/Core/ToggleGroup.cs
 0.1 kb	 0.0% Packages/com.unity.ugui/Runtime/UI/Core/Selectable.cs
 0.1 kb	 0.0% Packages/com.unity.ugui/Runtime/UI/Core/Scrollbar.cs
 0.1 kb	 0.0% Packages/com.unity.ugui/Runtime/UI/Core/ScrollRect.cs
 0.1 kb	 0.0% Packages/com.unity.ugui/Runtime/UI/Core/RectMask2D.cs
 0.1 kb	 0.0% Packages/com.unity.ugui/Runtime/UI/Core/MaterialModifiers/IMaterialModifier.cs
 0.1 kb	 0.0% Packages/com.unity.ugui/Runtime/UI/Core/Layout/LayoutGroup.cs
 0.1 kb	 0.0% Packages/com.unity.ugui/Runtime/UI/Core/Layout/CanvasScaler.cs
 0.1 kb	 0.0% Packages/com.unity.ugui/Runtime/UI/Core/InputField.cs
 0.1 kb	 0.0% Packages/com.unity.timeline/Runtime/Utilities/IPropertyCollector.cs
 0.1 kb	 0.0% Packages/com.unity.timeline/Runtime/TimelineAttributes.cs
 0.1 kb	 0.0% Packages/com.unity.timeline/Runtime/Timeline.deprecated.cs
 0.1 kb	 0.0% Packages/com.unity.timeline/Runtime/Playables/NotificationFlags.cs
 0.1 kb	 0.0% Packages/com.unity.timeline/Runtime/Playables/BasicScriptPlayable.cs
 0.1 kb	 0.0% Packages/com.unity.test-framework/UnityEngine.TestRunner/Utils/StacktraceFilter.cs
 0.1 kb	 0.0% Packages/com.unity.test-framework/UnityEngine.TestRunner/Utils/ITestRunCallback.cs
 0.1 kb	 0.0% Packages/com.unity.test-framework/UnityEngine.TestRunner/Utils/AssemblyProvider/IAssemblyWrapper.cs
 0.1 kb	 0.0% Packages/com.unity.test-framework/UnityEngine.TestRunner/NUnitExtensions/IStateSerializer.cs
 0.1 kb	 0.0% Packages/com.unity.ugui/Tests/Runtime/TextEditor/TextEditorTests.cs
 0.1 kb	 0.0% Packages/com.unity.ugui/Tests/Runtime/ScrollRect/ScrollRectTests.cs
 0.1 kb	 0.0% Packages/com.unity.ugui/Tests/Runtime/ScrollRect/ScrollRectScale.cs
 0.1 kb	 0.0% Packages/com.unity.ugui/Tests/Runtime/ScrollRect/ScrollRectClamp.cs
 0.1 kb	 0.0% Packages/com.unity.ugui/Tests/Runtime/ScrollBar/ScrollBarTests.cs
 0.1 kb	 0.0% Packages/com.unity.ugui/Tests/Runtime/ScrollBar/ScrollBarClamp.cs
 0.1 kb	 0.0% Packages/com.unity.ugui/Tests/Runtime/InputField/InputFieldTests.cs
 0.1 kb	 0.0% Packages/com.unity.ugui/Tests/Runtime/Image/TestableImage.cs
 0.1 kb	 0.0% Packages/com.unity.ugui/Tests/Runtime/Graphic/RawImageTestHook.cs
 0.1 kb	 0.0% Packages/com.unity.ugui/Tests/Runtime/Graphic/RawImageTest.cs
 0.1 kb	 0.0% Packages/com.unity.ugui/Tests/Runtime/Graphic/MaskTests.cs
 0.1 kb	 0.0% Packages/com.unity.ugui/Tests/Runtime/Graphic/GraphicTests.cs
 0.1 kb	 0.0% Packages/com.unity.ugui/Tests/Runtime/EventSystem/InputModuleTests/FakeBaseInput.cs
 0.1 kb	 0.0% Packages/com.unity.ugui/Tests/Runtime/EventSystem/InputModuleTests.cs
 0.1 kb	 0.0% Packages/com.unity.ugui/Tests/Runtime/Dropdown/DropdownTests.cs
 0.1 kb	 0.0% Packages/com.unity.timeline/Runtime/Events/Marker.cs
 0.1 kb	 0.0% Packages/com.unity.textmeshpro/Scripts/Runtime/TextMeshPro.cs
 0.1 kb	 0.0% Packages/com.unity.textmeshpro/Scripts/Runtime/TMPro_Private.cs
 0.1 kb	 0.0% Packages/com.unity.textmeshpro/Scripts/Runtime/TMP_TextInfo.cs
 0.1 kb	 0.0% Packages/com.unity.textmeshpro/Scripts/Runtime/TMP_SubMesh.cs
 0.1 kb	 0.0% Packages/com.unity.textmeshpro/Scripts/Runtime/TMP_Style.cs
 0.1 kb	 0.0% Packages/com.unity.textmeshpro/Scripts/Runtime/TMP_Sprite.cs
 0.1 kb	 0.0% Packages/com.unity.textmeshpro/Scripts/Runtime/TMP_Settings.cs
 0.1 kb	 0.0% Packages/com.unity.textmeshpro/Scripts/Runtime/TMP_ObjectPool.cs
 0.1 kb	 0.0% Packages/com.unity.textmeshpro/Scripts/Runtime/TMP_Dropdown.cs
 0.1 kb	 0.0% Packages/com.unity.textmeshpro/Scripts/Runtime/TMP_Asset.cs
 0.1 kb	 0.0% Packages/com.unity.textmeshpro/Scripts/Runtime/FastAction.cs
 0.1 kb	 0.0% Packages/com.unity.textmeshpro/Scripts/Runtime/AssemblyInfo.cs.cs
 0.1 kb	 0.0% Packages/com.unity.multiplayer-hlapi/Runtime/UNetwork.cs
 0.1 kb	 0.0% Packages/com.unity.multiplayer-hlapi/Runtime/SyncList.cs
 0.1 kb	 0.0% Packages/com.unity.multiplayer-hlapi/Runtime/Messages.cs
 0.1 kb	 0.0% Assets/UWA/Libs/TypeHolder.cs
 0.1 kb	 0.0% Packages/com.unity.ugui/Runtime/UI/Core/VertexModifiers/Shadow.cs
 0.1 kb	 0.0% Packages/com.unity.ugui/Runtime/UI/Core/VertexModifiers/Outline.cs
 0.1 kb	 0.0% Packages/com.unity.ugui/Runtime/UI/Core/VertexModifiers/IMeshModifier.cs
 0.1 kb	 0.0% Packages/com.unity.ugui/Runtime/UI/Core/Toggle.cs
 0.1 kb	 0.0% Packages/com.unity.ugui/Runtime/UI/Core/Slider.cs
 0.1 kb	 0.0% Packages/com.unity.ugui/Runtime/UI/Core/RawImage.cs
 0.1 kb	 0.0% Packages/com.unity.ugui/Runtime/UI/Core/Layout/ILayoutElement.cs
 0.1 kb	 0.0% Packages/com.unity.ugui/Runtime/UI/Core/Image.cs
 0.1 kb	 0.0% Packages/com.unity.ugui/Runtime/UI/Core/Graphic.cs
 0.1 kb	 0.0% Packages/com.unity.ugui/Runtime/UI/Core/FontData.cs
 0.1 kb	 0.0% Packages/com.unity.ugui/Runtime/UI/Core/Dropdown.cs
 0.1 kb	 0.0% Packages/com.unity.ugui/Runtime/UI/Core/Culling/Clipping.cs
 0.1 kb	 0.0% Packages/com.unity.ugui/Runtime/UI/Core/Button.cs
 0.1 kb	 0.0% Packages/com.unity.ugui/Runtime/UI/Animation/CoroutineTween.cs
 0.1 kb	 0.0% Packages/com.unity.ugui/Runtime/EventSystem/RaycastResult.cs
 0.1 kb	 0.0% Packages/com.unity.ugui/Runtime/EventSystem/MoveDirection.cs
 0.1 kb	 0.0% Packages/com.unity.ugui/Runtime/EventSystem/EventTriggerType.cs
 0.1 kb	 0.0% Packages/com.unity.ugui/Runtime/EventSystem/EventInterfaces.cs
 0.1 kb	 0.0% Packages/com.unity.timeline/Runtime/Utilities/IPropertyPreview.cs
 0.1 kb	 0.0% Packages/com.unity.timeline/Runtime/Extensions/TrackExtensions.cs
 0.1 kb	 0.0% Packages/com.unity.timeline/Runtime/AssetUpgrade/TimelineUpgrade.cs
 0.1 kb	 0.0% Packages/com.unity.test-framework/UnityEngine.TestRunner/TestRunner/TestPlatform.cs
 0.1 kb	 0.0% Packages/com.unity.test-framework/UnityEngine.TestRunner/Assertions/LogScope/ILogScope.cs
 0.1 kb	 0.0% Packages/com.unity.test-framework/UnityEngine.TestRunner/AssemblyInfo.cs
 0.1 kb	 0.0% Packages/com.unity.ugui/Tests/Runtime/Slider/SliderTests.cs
 0.1 kb	 0.0% Packages/com.unity.ugui/Tests/Runtime/Image/ImageTests.cs
 0.1 kb	 0.0% Packages/com.unity.ugui/Tests/Runtime/EventSystem/InputModuleTests/MouseUpdate.cs
 0.1 kb	 0.0% Packages/com.unity.ugui/Tests/Runtime/Canvas/NestedCanvas.cs
 0.1 kb	 0.0% Packages/com.unity.ugui/Tests/Runtime/Button/TestButton.cs
 0.1 kb	 0.0% Packages/com.unity.ugui/Tests/Runtime/Button/ButtonTests.cs
 0.1 kb	 0.0% Packages/com.unity.textmeshpro/Scripts/Runtime/TMP_Text.cs
 0.1 kb	 0.0% Packages/com.unity.textmeshpro/Scripts/Runtime/TMP_MeshInfo.cs
 0.1 kb	 0.0% Packages/com.unity.textmeshpro/Scripts/Runtime/TMP_ListPool.cs
 0.1 kb	 0.0% Packages/com.unity.textmeshpro/Scripts/Runtime/TMP_LineInfo.cs
 0.1 kb	 0.0% Packages/com.unity.ugui/Runtime/UI/Core/Utility/ObjectPool.cs
 0.1 kb	 0.0% Packages/com.unity.ugui/Runtime/UI/Core/Text.cs
 0.1 kb	 0.0% Packages/com.unity.ugui/Runtime/UI/Core/SpriteState.cs
 0.1 kb	 0.0% Packages/com.unity.ugui/Runtime/UI/Core/SpecializedCollections/IndexedSet.cs
 0.1 kb	 0.0% Packages/com.unity.ugui/Runtime/UI/Core/Navigation.cs
 0.1 kb	 0.0% Packages/com.unity.ugui/Runtime/UI/Core/Misc.cs
 0.1 kb	 0.0% Packages/com.unity.ugui/Runtime/UI/Core/Mask.cs
 0.1 kb	 0.0% Packages/com.unity.ugui/Runtime/UI/Core/IMaskable.cs
 0.1 kb	 0.0% Packages/com.unity.ugui/Runtime/UI/Core/Culling/IClipRegion.cs
 0.1 kb	 0.0% Packages/com.unity.ugui/Runtime/UI/Core/ColorBlock.cs
 0.1 kb	 0.0% Packages/com.unity.ugui/Runtime/Properties/AssemblyInfo.cs
 0.1 kb	 0.0% Packages/com.unity.ugui/Runtime/EventSystem/EventHandle.cs
 0.1 kb	 0.0% Packages/com.unity.timeline/Runtime/Properties/AssemblyInfo.cs
 0.1 kb	 0.0% Packages/com.unity.timeline/Runtime/Playables/ITimeControl.cs
 0.1 kb	 0.0% Packages/com.unity.timeline/Runtime/ILayerable.cs
 0.1 kb	 0.0% Packages/com.unity.timeline/Runtime/Events/MarkerList.cs
 0.1 kb	 0.0% Packages/com.unity.timeline/Runtime/Evaluation/IntervalTree.cs
 0.1 kb	 0.0% Packages/com.unity.timeline/Runtime/DiscreteTime.cs
 0.1 kb	 0.0% Packages/com.unity.timeline/Runtime/AssetUpgrade/TrackUpgrade.cs
 0.1 kb	 0.0% Packages/com.unity.timeline/Runtime/AssetUpgrade/ClipUpgrade.cs
 0.1 kb	 0.0% Packages/com.unity.timeline/Runtime/Animation/ICurvesOwner.cs
 0.1 kb	 0.0% Assets/UWA/Libs/UWA_Launcher.cs
 0.1 kb	 0.0% Packages/com.unity.ugui/Runtime/UI/Core/Utility/ListPool.cs
 0.1 kb	 0.0% Packages/com.unity.ugui/Runtime/UI/Core/IMask.cs
 0.1 kb	 0.0% Packages/com.unity.timeline/Runtime/Events/IMarker.cs
 0.1 kb	 0.0% Packages/com.unity.timeline/Runtime/ClipCaps.cs
-------------------------------------------------------------------------------
Unloading 15 Unused Serialized files (Serialized files now loaded: 0)
System memory in use before: 297.8 MB.
System memory in use after: 297.6 MB.

Unloading 26 unused Assets to reduce memory usage. Loaded Objects now: 2349.
Total: 535.917579 ms (FindLiveObjects: 2.781611 ms CreateObjectMapping: 0.071364 ms MarkObjects: 531.635874 ms  DeleteObjects: 1.427800 ms)

Unloading 0 Unused Serialized files (Serialized files now loaded: 0)
Loaded scene 'Temp/__Backupscenes/0.backup'
	Deserialize:            1.174 ms
	Integration:            71.799 ms
	Integration of assets:  0.006 ms
	Thread Wait Time:       20.414 ms
	Total Operation Time:   93.392 ms
System memory in use before: 297.0 MB.
System memory in use after: 297.8 MB.

Unloading 0 unused Assets to reduce memory usage. Loaded Objects now: 2352.
Total: 359.094495 ms (FindLiveObjects: 0.337593 ms CreateObjectMapping: 0.054569 ms MarkObjects: 358.688645 ms  DeleteObjects: 0.012755 ms)

Build android/apk succeeded: 102 M
UnityEngine.DebugLogHandler:Internal_Log(LogType, LogOption, String, Object)
UnityEngine.DebugLogHandler:LogFormat(LogType, Object, String, Object[])
UnityEngine.Logger:Log(LogType, Object)
UnityEngine.Debug:Log(Object)
ProjectBuild:BuildAPK_Dev() (at Assets/Editor/ProjectBuild.cs:182)
ProjectBuild:AutomationBuild() (at Assets/Editor/ProjectBuild.cs:61)
 
(Filename: Assets/Editor/ProjectBuild.cs Line: 182)

Batchmode quit successfully invoked - shutting down!
[Performance] Application.InitializeProject                               :        1 samples, Peak.  6.99 s (1.0x), Avg.  6.99 s, Total. 6.989 s (14.8%)
[Performance] Application.PackageManager.StartServer                      :        1 samples, Peak.  1.61 ms (1.0x), Avg.  1.61 ms, Total. 1.613 ms (0.0%)
[Performance] Application.IsBrowserCacheEmpty                             :        1 samples, Peak.  58.0 us (1.0x), Avg.  58.0 us, Total. 57.96 us (0.0%)
[Performance] Application.AcquireProjectLock                              :        1 samples, Peak.   140 ms (1.0x), Avg.   140 ms, Total. 140.3 ms (0.3%)
[Performance] Application.InitializeEngineNoGraphics                      :        1 samples, Peak.  45.3 ms (1.0x), Avg.  45.3 ms, Total. 45.33 ms (0.1%)
[Performance] Application.PackageManager.Initialize                       :        1 samples, Peak.   861 ms (1.0x), Avg.   861 ms, Total. 861.2 ms (1.8%)
[Performance] CurlRequestCheck                                            :       15 samples, Peak.   148 ms (14.9x), Avg.  9.90 ms, Total. 148.5 ms (0.3%)
[Performance] PackageManager::RunRequestSynchronously                     :       10 samples, Peak.  36.8 ms (9.9x), Avg.  3.71 ms, Total. 37.10 ms (0.1%)
[Performance] Application.EngineGraphics.Initialize                       :        1 samples, Peak.  54.4 ms (1.0x), Avg.  54.4 ms, Total. 54.43 ms (0.1%)
[Performance] Application.GI.Initialize                                   :        1 samples, Peak.   151 ms (1.0x), Avg.   151 ms, Total. 151.2 ms (0.3%)
[Performance] Application.LoadAllDefaultResourcesFromEditor               :        1 samples, Peak.  2.67 ms (1.0x), Avg.  2.67 ms, Total. 2.674 ms (0.0%)
[Performance] Application.LoadMonoAssemblies                              :        1 samples, Peak.  2.74 s (1.0x), Avg.  2.74 s, Total. 2.741 s (5.8%)
[Performance] ProcessService.EditorAfterLoadAllAssemblies                 :        2 samples, Peak.  38.0 ms (1.1x), Avg.  33.8 ms, Total. 67.67 ms (0.1%)
[Performance] Application.ReadLicenseInfo                                 :        1 samples, Peak.  1.54 ms (1.0x), Avg.  1.54 ms, Total. 1.543 ms (0.0%)
[Performance] Application.InitialScriptRefresh                            :        1 samples, Peak.  1.39 s (1.0x), Avg.  1.39 s, Total. 1.391 s (2.9%)
[Performance] Application.AssetDatabase.Refresh                           :        1 samples, Peak.  37.5 ms (1.0x), Avg.  37.5 ms, Total. 37.48 ms (0.1%)
[Performance] Application.ImportAssetsWithMismatchingAssetImporterVersion :        1 samples, Peak.   124 ms (1.0x), Avg.   124 ms, Total. 124.3 ms (0.3%)
[Performance] Application.SyncCurrentColorSpace                           :        1 samples, Peak.   101 ms (1.0x), Avg.   101 ms, Total. 101.4 ms (0.2%)
[Performance] Application.OnUsbDevicesChanged                             :        1 samples, Peak.   675 us (1.0x), Avg.   675 us, Total. 674.9 us (0.0%)
[Performance] Application.AssetInstanceCacheUpdate                        :        1 samples, Peak.   261 ns (1.0x), Avg.   261 ns, Total. 261.0 ns (0.0%)
[Performance] Application.UnityExtensions.Initialize                      :        1 samples, Peak.   686 us (1.0x), Avg.   686 us, Total. 685.8 us (0.0%)
[Performance] Application.InitializeManagedCompilationPipeline            :        1 samples, Peak.   269 ms (1.0x), Avg.   269 ms, Total. 269.4 ms (0.6%)
[Performance] Application.ExecuteStartups                                 :        1 samples, Peak.   238 ms (1.0x), Avg.   238 ms, Total. 238.4 ms (0.5%)
[Performance] Application.RebuildOSMenu                                   :        1 samples, Peak.  49.4 ms (1.0x), Avg.  49.4 ms, Total. 49.44 ms (0.1%)
[Performance] Application.editorInitializingProject                       :        1 samples, Peak.  6.29 ms (1.0x), Avg.  6.29 ms, Total. 6.291 ms (0.0%)
[Performance] Application.RestoreLastOpenedScenes                         :        1 samples, Peak.   531 ms (1.0x), Avg.   531 ms, Total. 530.6 ms (1.1%)
[Performance] BuildCatalog                                                :        1 samples, Peak.   126 ms (1.0x), Avg.   126 ms, Total. 125.7 ms (0.3%)
[Performance] Application.InvokeFinishedLoadingProject                    :        1 samples, Peak.  40.5 ms (1.0x), Avg.  40.5 ms, Total. 40.54 ms (0.1%)
[Performance] ProcessService.OnProjectLoaded                              :        1 samples, Peak.  38.4 ms (1.0x), Avg.  38.4 ms, Total. 38.43 ms (0.1%)
[Performance] GUIView.RepaintAll.PlayerLoopController                     :        3 samples, Peak.   522 ms (2.8x), Avg.   186 ms, Total. 557.1 ms (1.2%)
[Performance] RefreshSkin                                                 :        1 samples, Peak.  97.6 ms (1.0x), Avg.  97.6 ms, Total. 97.60 ms (0.2%)
[Performance] InspectorWindow.OnGUI.Layout                                :        2 samples, Peak.   122 us (1.7x), Avg.  73.3 us, Total. 146.5 us (0.0%)
[Performance] InspectorWindow.OnGUI.repaint                               :        2 samples, Peak.  27.9 us (1.1x), Avg.  24.3 us, Total. 48.62 us (0.0%)
[Performance] ProjectBrowser.OnGUI.Layout                                 :        2 samples, Peak.   126 ms (2.0x), Avg.  63.8 ms, Total. 127.7 ms (0.3%)
[Performance] ProjectBrowser.OnGUI.repaint                                :        2 samples, Peak.  13.2 ms (1.7x), Avg.  7.81 ms, Total. 15.62 ms (0.0%)
[Performance] ConsoleWindow.OnGUI.Layout                                  :        2 samples, Peak.  14.6 ms (2.0x), Avg.  7.39 ms, Total. 14.78 ms (0.0%)
[Performance] ConsoleWindow.OnGUI.repaint                                 :        2 samples, Peak.   632 us (1.0x), Avg.   608 us, Total. 1.216 ms (0.0%)
[Performance] SceneHierarchyWindow.OnGUI.Layout                           :        3 samples, Peak.  21.6 ms (2.1x), Avg.  10.3 ms, Total. 31.00 ms (0.1%)
[Performance] SceneVisibilityState.IsFlagSetInParents                     :       12 samples, Peak.  8.06 us (4.2x), Avg.  1.90 us, Total. 22.78 us (0.0%)
[Performance] SceneVisibilityState.HasData                                :       12 samples, Peak.   489 ns (2.8x), Avg.   176 ns, Total. 2.114 us (0.0%)
[Performance] SceneHierarchyWindow.OnGUI.repaint                          :        3 samples, Peak.  1.90 ms (1.5x), Avg.  1.31 ms, Total. 3.926 ms (0.0%)
[Performance] GameView.OnGUI.Layout                                       :        3 samples, Peak.  14.5 ms (2.8x), Avg.  5.17 ms, Total. 15.51 ms (0.0%)
[Performance] GameView.OnGUI.repaint                                      :        3 samples, Peak.  7.76 ms (2.2x), Avg.  3.57 ms, Total. 10.72 ms (0.0%)
Refresh completed in 0.053542 seconds.
RefreshInfo: RefreshV2(NoUpdateAssetOptions)
RefreshProfiler: Total: 53.417ms
	InvokeBeforeRefreshCallbacks: 0.607ms
	ApplyChangesToAssetFolders: 0.150ms
	WriteModifiedImportersToTextMetaFiles: 0.000ms
	CleanLegacyArtifacts: 0.000ms
	Scan: 44.812ms
	OnSourceAssetsModified: 0.000ms
	UnregisterDeletedAssets: 0.000ms
	InitializeImportedAssetsSnapshot: 5.368ms
	GetAllGuidsForCategorization: 0.000ms
	CategorizeAssets: 0.000ms
	ImportAndPostprocessOutOfDateAssets: 0.000ms (0.000ms without children)
		ImportManagerImport: 0.000ms (0.000ms without children)
			ImportInProcess: 0.000ms
			ImportOutOfProcess: 0.000ms
			UpdateCategorizedAssets: 0.000ms
			RemoteAssetCacheGetArtifact: 0.000ms (0.000ms without children)
				RemoteAssetCacheResolve: 0.000ms
				RemoteAssetCacheDownloadFile: 0.000ms
		CompileScripts: 0.000ms
		PostProcessAllAssets: 0.000ms
		ReloadImportedAssets: 0.000ms
		VerifyAssetsAreUpToDateAndCorrect: 0.000ms
		EnsureUptoDateAssetsAreRegisteredWithGuidPM: 0.000ms
		InitializingProgressBar: 0.000ms
		PostProcessAllAssetNotificationsAddChangedAssets: 0.000ms
		OnDemandSchedulerStart: 0.000ms
		RestoreLoadedAssetsState: 0.000ms
	InvokeProjectHasChanged: 0.000ms
	UpdateImportedAssetsSnapshot: -0.000ms
	ReloadSourceAssets: 0.000ms
	UnloadImportedAssets: 0.000ms
	Hotreload: 0.034ms
	FixTempGuids: 0.008ms
	VerifyGuidPMRegistrations: 0.000ms
	GatherAllCurrentPrimaryArtifactRevisions: 0.723ms
	UnloadStreamsBegin: 0.009ms
	LoadedImportedAssetsSnapshotReleaseGCHandles: 0.384ms
	GetLoadedSourceAssetsSnapshot: 0.759ms
	PersistCurrentRevisions: 0.000ms
	UnloadStreamsEnd: 0.007ms
	Untracked: 0.555ms
Refresh completed in 0.022625 seconds.
RefreshInfo: RefreshV2(NoUpdateAssetOptions)
RefreshProfiler: Total: 22.615ms
	InvokeBeforeRefreshCallbacks: 0.109ms
	ApplyChangesToAssetFolders: 0.053ms
	WriteModifiedImportersToTextMetaFiles: 0.000ms
	CleanLegacyArtifacts: 0.000ms
	Scan: 18.220ms
	OnSourceAssetsModified: 0.000ms
	UnregisterDeletedAssets: 0.000ms
	InitializeImportedAssetsSnapshot: 2.436ms
	GetAllGuidsForCategorization: 0.000ms
	CategorizeAssets: 0.000ms
	ImportAndPostprocessOutOfDateAssets: 0.000ms (0.000ms without children)
		ImportManagerImport: 0.000ms (0.000ms without children)
			ImportInProcess: 0.000ms
			ImportOutOfProcess: 0.000ms
			UpdateCategorizedAssets: 0.000ms
			RemoteAssetCacheGetArtifact: 0.000ms (0.000ms without children)
				RemoteAssetCacheResolve: 0.000ms
				RemoteAssetCacheDownloadFile: 0.000ms
		CompileScripts: 0.000ms
		PostProcessAllAssets: 0.000ms
		ReloadImportedAssets: 0.000ms
		VerifyAssetsAreUpToDateAndCorrect: 0.000ms
		EnsureUptoDateAssetsAreRegisteredWithGuidPM: 0.000ms
		InitializingProgressBar: 0.000ms
		PostProcessAllAssetNotificationsAddChangedAssets: 0.000ms
		OnDemandSchedulerStart: 0.000ms
		RestoreLoadedAssetsState: 0.000ms
	InvokeProjectHasChanged: 0.000ms
	UpdateImportedAssetsSnapshot: -0.000ms
	ReloadSourceAssets: 0.000ms
	UnloadImportedAssets: 0.000ms
	Hotreload: 0.021ms
	FixTempGuids: 0.003ms
	VerifyGuidPMRegistrations: 0.000ms
	GatherAllCurrentPrimaryArtifactRevisions: 0.166ms
	UnloadStreamsBegin: 0.006ms
	LoadedImportedAssetsSnapshotReleaseGCHandles: 0.358ms
	GetLoadedSourceAssetsSnapshot: 0.682ms
	PersistCurrentRevisions: 0.000ms
	UnloadStreamsEnd: 0.006ms
	Untracked: 0.554ms
Cleanup mono
debugger-agent: Unable to listen on 50
[usbmuxd] Stop listen thread
[usbmuxd] Error: 
[usbmuxd] Listen thread exiting
Exiting batchmode successfully now!
[Package Manager] Server::Kill -- Server was shutdown
